SLF4J: Class path contains multiple SLF4J bindings.
SLF4J: Found binding in [jar:file:/C:/Users/mario/.p2/pool/plugins/org.eclipse.m2e.maven.runtime.slf4j.simple_1.18.0.20210618-2246/jars/slf4j-simple-1.7.5.jar!/org/slf4j/impl/StaticLoggerBinder.class]
SLF4J: Found binding in [file:/C:/Users/mario/jee-latest-released/eclipse/configuration/org.eclipse.osgi/8/0/.cp/org/slf4j/impl/StaticLoggerBinder.class]
SLF4J: See http://www.slf4j.org/codes.html#multiple_bindings for an explanation.
SLF4J: Actual binding is of type [org.slf4j.impl.SimpleLoggerFactory]
SLF4J: Class path contains multiple SLF4J bindings.
SLF4J: Found binding in [jar:file:/C:/Users/mario/.p2/pool/plugins/org.eclipse.m2e.maven.runtime.slf4j.simple_1.18.0.20210618-2246/jars/slf4j-simple-1.7.5.jar!/org/slf4j/impl/StaticLoggerBinder.class]
SLF4J: Found binding in [file:/C:/Users/mario/jee-latest-released/eclipse/configuration/org.eclipse.osgi/8/0/.cp/org/slf4j/impl/StaticLoggerBinder.class]
SLF4J: See http://www.slf4j.org/codes.html#multiple_bindings for an explanation.
SLF4J: Actual binding is of type [org.slf4j.impl.SimpleLoggerFactory]
[INFO] Scanning for projects...
[WARNING] The POM for org.jenkins-ci.tools:maven-hpi-plugin:jar:3.17 is missing, no dependency information available
[WARNING] Failed to build parent project for org.biouno:uno-choice:hpi:2.5.8-SNAPSHOT
[INFO] 
[INFO] -----------------------< org.biouno:uno-choice >------------------------
[INFO] Building Active Choices Plug-in 2.5.8-SNAPSHOT
[INFO] --------------------------------[ hpi ]---------------------------------
[INFO] 
[INFO] --- maven-clean-plugin:3.1.0:clean (default-clean) @ uno-choice ---
[INFO] Deleting C:\Users\mario\git\active-choices-plugin-mario\target
[INFO] 
[INFO] --- maven-hpi-plugin:3.17:validate (default-validate) @ uno-choice ---
[INFO] 
[INFO] --- maven-hpi-plugin:3.17:validate-hpi (default-validate-hpi) @ uno-choice ---
[INFO] 
[INFO] --- maven-enforcer-plugin:3.0.0-M3:display-info (display-info) @ uno-choice ---
[INFO] Maven Version: 3.8.1
[INFO] JDK Version: 1.8.0_301 normalized as: 1.8.0-301
[INFO] OS Info: Arch: amd64 Family: windows Name: windows 10 Version: 10.0
[INFO] 
[INFO] --- maven-enforcer-plugin:3.0.0-M3:enforce (display-info) @ uno-choice ---
[INFO] Adding ignore: module-info
[INFO] Ignoring requireUpperBoundDeps in com.google.guava:guava
[INFO] 
[INFO] --- maven-enforcer-plugin:3.0.0-M3:enforce (no-snapshots-in-release) @ uno-choice ---
[INFO] 
[INFO] --- gmavenplus-plugin:1.12.1:addTestSources (test-in-groovy) @ uno-choice ---
[INFO] 
[INFO] --- localizer-maven-plugin:1.31:generate (default) @ uno-choice ---
[INFO] 
[INFO] --- maven-resources-plugin:3.2.0:resources (default-resources) @ uno-choice ---
[INFO] Using 'UTF-8' encoding to copy filtered resources.
[INFO] Using 'UTF-8' encoding to copy filtered properties files.
[INFO] Copying 20 resources
[INFO] 
[INFO] --- maven-compiler-plugin:3.8.1:compile (default-compile) @ uno-choice ---
[INFO] Changes detected - recompiling the module!
[INFO] Compiling 18 source files to C:\Users\mario\git\active-choices-plugin-mario\target\classes
[INFO] /C:/Users/mario/git/active-choices-plugin-mario/src/main/java/org/biouno/unochoice/AbstractScriptableParameter.java: C:\Users\mario\git\active-choices-plugin-mario\src\main\java\org\biouno\unochoice\AbstractScriptableParameter.java uses or overrides a deprecated API.
[INFO] /C:/Users/mario/git/active-choices-plugin-mario/src/main/java/org/biouno/unochoice/AbstractScriptableParameter.java: Recompile with -Xlint:deprecation for details.
[INFO] 
[INFO] --- access-modifier-checker:1.24:enforce (default-enforce) @ uno-choice ---
[INFO] 
[INFO] --- maven-hpi-plugin:3.17:insert-test (default-insert-test) @ uno-choice ---
[INFO] 
[INFO] --- gmavenplus-plugin:1.12.1:generateTestStubs (test-in-groovy) @ uno-choice ---
[INFO] No sources specified for stub generation. Skipping.
[INFO] Generated 0 stubs.
[INFO] 
[INFO] --- maven-antrun-plugin:3.0.0:run (createTempDir) @ uno-choice ---
[INFO] Executing tasks
[INFO]     [mkdir] Created dir: C:\Users\mario\git\active-choices-plugin-mario\target\tmp
[INFO] Executed tasks
[INFO] 
[INFO] --- maven-resources-plugin:3.2.0:testResources (default-testResources) @ uno-choice ---
[INFO] Using 'UTF-8' encoding to copy filtered resources.
[INFO] Using 'UTF-8' encoding to copy filtered properties files.
[INFO] Copying 5 resources
[INFO] 
[INFO] --- maven-compiler-plugin:3.8.1:testCompile (default-testCompile) @ uno-choice ---
[INFO] Changes detected - recompiling the module!
[INFO] Compiling 36 source files to C:\Users\mario\git\active-choices-plugin-mario\target\test-classes
[INFO] /C:/Users/mario/git/active-choices-plugin-mario/src/test/java/org/biouno/unochoice/TestDynamicReferenceParameterBindings.java: C:\Users\mario\git\active-choices-plugin-mario\src\test\java\org\biouno\unochoice\TestDynamicReferenceParameterBindings.java uses or overrides a deprecated API.
[INFO] /C:/Users/mario/git/active-choices-plugin-mario/src/test/java/org/biouno/unochoice/TestDynamicReferenceParameterBindings.java: Recompile with -Xlint:deprecation for details.
[INFO] 
[INFO] --- maven-hpi-plugin:3.17:test-hpl (default-test-hpl) @ uno-choice ---
[INFO] Generating C:\Users\mario\git\active-choices-plugin-mario\target\test-classes\the.hpl
Dec 02, 2021 3:22:22 PM org.jenkinsci.maven.plugins.hpi.AbstractJenkinsManifestMojo setAttributes
INFO: Minimum Java version for the plugin: 8
[INFO] 
[INFO] --- maven-hpi-plugin:3.17:resolve-test-dependencies (default-resolve-test-dependencies) @ uno-choice ---
[INFO] 
[INFO] --- gmavenplus-plugin:1.12.1:compileTests (test-in-groovy) @ uno-choice ---
[INFO] No sources specified for compilation. Skipping.
[INFO] 
[INFO] --- maven-surefire-plugin:3.0.0-M5:test (default-test) @ uno-choice ---
[INFO] 
[INFO] -------------------------------------------------------
[INFO]  T E S T S
[INFO] -------------------------------------------------------
[INFO] Running org.biouno.unochoice.TestDynamicReferenceParameterBindings
=== Starting testConstruc   0.062 [id=24]	INFO	o.jtor(org.biouno.unochoice.TestDynamicReferenceParameterBindings)
vnet.hudson.test.WarExploder#explode: Exploding C:\Users\mario\.m2\repository\org\jenkins-ci\main\jenkins-war\2.263.1\jenkins-war-2.263.1.war into C:\Users\mario\git\active-choices-plugin-mario\target\jenkins-for-test
   3.278 [id=24]	INFO	o.jvnet.hudson.test.JenkinsRule#createWebServer: Running on http://localhost:51603/jenkins/
   4.591 [id=45]	INFO	jenkins.InitReactorRunner$1#onAttained: Started initialization
   5.802 [id=69]	INFO	hudson.PluginManager#considerDetachedPlugin: Loading a detached plugin as a dependency: C:\Users\mario\git\active-choices-plugin-mario\target\tmp\jenkins521916774534036779\plugins\bouncycastle-api.jpi
   5.897 [id=69]	INFO	hudson.PluginManager#considerDetachedPlugin: Loading a detached plugin as a dependency: C:\Users\mario\git\active-choices-plugin-mario\target\tmp\jenkins521916774534036779\plugins\command-launcher.jpi
   5.929 [id=69]	INFO	hudson.PluginManager#considerDetachedPlugin: Loading a detached plugin as a dependency: C:\Users\mario\git\active-choices-plugin-mario\target\tmp\jenkins521916774534036779\plugins\jdk-tool.jpi
   7.318 [id=47]	INFO	jenkins.InitReactorRunner$1#onAttained: Listed all plugins
   7.326 [id=59]	INFO	o.j.p.s.ScriptlerPluginImpl#synchronizeConfig: initialize Scriptler
   7.426 [id=59]	INFO	j.b.a.SecurityProviderInitializer#addSecurityProvider: Initializing Bouncy Castle security provider.
   7.562 [id=59]	INFO	j.b.a.SecurityProviderInitializer#addSecurityProvider: Bouncy Castle security provider initialized.
   9.439 [id=56]	INFO	jenkins.InitReactorRunner$1#onAttained: Prepared all plugins
   9.444 [id=70]	INFO	jenkins.InitReactorRunner$1#onAttained: Started all plugins
  10.069 [id=70]	WARNING	hudson.ExtensionComponent#compareTo: Failure during Descriptor#getDisplayName for hudson.markup.EscapedMarkupFormatter$DescriptorImpl
java.lang.NoSuchMethodError: hudson.markup.Messages.EscapedMarkupFormatter_DisplayName()Ljava/lang/String;
	at hudson.markup.EscapedMarkupFormatter$DescriptorImpl.getDisplayName(EscapedMarkupFormatter.java:60)
	at hudson.ExtensionComponent.compareTo(ExtensionComponent.java:98)
	at hudson.ExtensionComponent.compareTo(ExtensionComponent.java:42)
	at java.util.ComparableTimSort.binarySort(ComparableTimSort.java:262)
	at java.util.ComparableTimSort.sort(ComparableTimSort.java:207)
	at java.util.Arrays.sort(Arrays.java:1312)
	at java.util.Arrays.sort(Arrays.java:1506)
	at java.util.ArrayList.sort(ArrayList.java:1464)
	at java.util.Collections.sort(Collections.java:143)
	at hudson.ExtensionList.sort(ExtensionList.java:401)
	at hudson.ExtensionList.ensureLoaded(ExtensionList.java:319)
	at hudson.ExtensionList.iterator(ExtensionList.java:172)
	at jenkins.model.Jenkins.getDescriptorByType(Jenkins.java:1607)
	at hudson.plugins.git.GitSCM.onLoaded(GitSCM.java:2075)
	at sun.reflect.NativeMethodAccessorImpl.invoke0(Native Method)
	at sun.reflect.NativeMethodAccessorImpl.invoke(NativeMethodAccessorImpl.java:62)
	at sun.reflect.DelegatingMethodAccessorImpl.invoke(DelegatingMethodAccessorImpl.java:43)
	at java.lang.reflect.Method.invoke(Method.java:498)
	at hudson.init.TaskMethodFinder.invoke(TaskMethodFinder.java:104)
	at hudson.init.TaskMethodFinder$TaskImpl.run(TaskMethodFinder.java:175)
	at org.jvnet.hudson.reactor.Reactor.runTask(Reactor.java:296)
	at jenkins.model.Jenkins$5.runTask(Jenkins.java:1131)
	at org.jvnet.hudson.reactor.Reactor$2.run(Reactor.java:214)
	at org.jvnet.hudson.reactor.Reactor$Node.run(Reactor.java:117)
	at jenkins.security.ImpersonatingExecutorService$1.run(ImpersonatingExecutorService.java:59)
	at java.util.concurrent.ThreadPoolExecutor.runWorker(ThreadPoolExecutor.java:1149)
	at java.util.concurrent.ThreadPoolExecutor$Worker.run(ThreadPoolExecutor.java:624)
	at java.lang.Thread.run(Thread.java:748)
  10.069 [id=70]	WARNING	hudson.ExtensionComponent#compareTo: Failure during Descriptor#getDisplayName for hudson.markup.EscapedMarkupFormatter$DescriptorImpl
java.lang.NoSuchMethodError: hudson.markup.Messages.EscapedMarkupFormatter_DisplayName()Ljava/lang/String;
	at hudson.markup.EscapedMarkupFormatter$DescriptorImpl.getDisplayName(EscapedMarkupFormatter.java:60)
	at hudson.ExtensionComponent.compareTo(ExtensionComponent.java:98)
	at hudson.ExtensionComponent.compareTo(ExtensionComponent.java:42)
	at java.util.ComparableTimSort.binarySort(ComparableTimSort.java:262)
	at java.util.ComparableTimSort.sort(ComparableTimSort.java:207)
	at java.util.Arrays.sort(Arrays.java:1312)
	at java.util.Arrays.sort(Arrays.java:1506)
	at java.util.ArrayList.sort(ArrayList.java:1464)
	at java.util.Collections.sort(Collections.java:143)
	at hudson.ExtensionList.sort(ExtensionList.java:401)
	at hudson.ExtensionList.ensureLoaded(ExtensionList.java:319)
	at hudson.ExtensionList.iterator(ExtensionList.java:172)
	at jenkins.model.Jenkins.getDescriptorByType(Jenkins.java:1607)
	at hudson.plugins.git.GitSCM.onLoaded(GitSCM.java:2075)
	at sun.reflect.NativeMethodAccessorImpl.invoke0(Native Method)
	at sun.reflect.NativeMethodAccessorImpl.invoke(NativeMethodAccessorImpl.java:62)
	at sun.reflect.DelegatingMethodAccessorImpl.invoke(DelegatingMethodAccessorImpl.java:43)
	at java.lang.reflect.Method.invoke(Method.java:498)
	at hudson.init.TaskMethodFinder.invoke(TaskMethodFinder.java:104)
	at hudson.init.TaskMethodFinder$TaskImpl.run(TaskMethodFinder.java:175)
	at org.jvnet.hudson.reactor.Reactor.runTask(Reactor.java:296)
	at jenkins.model.Jenkins$5.runTask(Jenkins.java:1131)
	at org.jvnet.hudson.reactor.Reactor$2.run(Reactor.java:214)
	at org.jvnet.hudson.reactor.Reactor$Node.run(Reactor.java:117)
	at jenkins.security.ImpersonatingExecutorService$1.run(ImpersonatingExecutorService.java:59)
	at java.util.concurrent.ThreadPoolExecutor.runWorker(ThreadPoolExecutor.java:1149)
	at java.util.concurrent.ThreadPoolExecutor$Worker.run(ThreadPoolExecutor.java:624)
	at java.lang.Thread.run(Thread.java:748)
  10.070 [id=70]	WARNING	hudson.ExtensionComponent#compareTo: Failure during Descriptor#getDisplayName for hudson.markup.EscapedMarkupFormatter$DescriptorImpl
java.lang.NoSuchMethodError: hudson.markup.Messages.EscapedMarkupFormatter_DisplayName()Ljava/lang/String;
	at hudson.markup.EscapedMarkupFormatter$DescriptorImpl.getDisplayName(EscapedMarkupFormatter.java:60)
	at hudson.ExtensionComponent.compareTo(ExtensionComponent.java:98)
	at hudson.ExtensionComponent.compareTo(ExtensionComponent.java:42)
	at java.util.ComparableTimSort.binarySort(ComparableTimSort.java:262)
	at java.util.ComparableTimSort.sort(ComparableTimSort.java:207)
	at java.util.Arrays.sort(Arrays.java:1312)
	at java.util.Arrays.sort(Arrays.java:1506)
	at java.util.ArrayList.sort(ArrayList.java:1464)
	at java.util.Collections.sort(Collections.java:143)
	at hudson.ExtensionList.sort(ExtensionList.java:401)
	at hudson.ExtensionList.ensureLoaded(ExtensionList.java:319)
	at hudson.ExtensionList.iterator(ExtensionList.java:172)
	at jenkins.model.Jenkins.getDescriptorByType(Jenkins.java:1607)
	at hudson.plugins.git.GitSCM.onLoaded(GitSCM.java:2075)
	at sun.reflect.NativeMethodAccessorImpl.invoke0(Native Method)
	at sun.reflect.NativeMethodAccessorImpl.invoke(NativeMethodAccessorImpl.java:62)
	at sun.reflect.DelegatingMethodAccessorImpl.invoke(DelegatingMethodAccessorImpl.java:43)
	at java.lang.reflect.Method.invoke(Method.java:498)
	at hudson.init.TaskMethodFinder.invoke(TaskMethodFinder.java:104)
	at hudson.init.TaskMethodFinder$TaskImpl.run(TaskMethodFinder.java:175)
	at org.jvnet.hudson.reactor.Reactor.runTask(Reactor.java:296)
	at jenkins.model.Jenkins$5.runTask(Jenkins.java:1131)
	at org.jvnet.hudson.reactor.Reactor$2.run(Reactor.java:214)
	at org.jvnet.hudson.reactor.Reactor$Node.run(Reactor.java:117)
	at jenkins.security.ImpersonatingExecutorService$1.run(ImpersonatingExecutorService.java:59)
	at java.util.concurrent.ThreadPoolExecutor.runWorker(ThreadPoolExecutor.java:1149)
	at java.util.concurrent.ThreadPoolExecutor$Worker.run(ThreadPoolExecutor.java:624)
	at java.lang.Thread.run(Thread.java:748)
  10.071 [id=70]	WARNING	hudson.ExtensionComponent#compareTo: Failure during Descriptor#getDisplayName for hudson.markup.EscapedMarkupFormatter$DescriptorImpl
java.lang.NoSuchMethodError: hudson.markup.Messages.EscapedMarkupFormatter_DisplayName()Ljava/lang/String;
	at hudson.markup.EscapedMarkupFormatter$DescriptorImpl.getDisplayName(EscapedMarkupFormatter.java:60)
	at hudson.ExtensionComponent.compareTo(ExtensionComponent.java:98)
	at hudson.ExtensionComponent.compareTo(ExtensionComponent.java:42)
	at java.util.ComparableTimSort.binarySort(ComparableTimSort.java:262)
	at java.util.ComparableTimSort.sort(ComparableTimSort.java:207)
	at java.util.Arrays.sort(Arrays.java:1312)
	at java.util.Arrays.sort(Arrays.java:1506)
	at java.util.ArrayList.sort(ArrayList.java:1464)
	at java.util.Collections.sort(Collections.java:143)
	at hudson.ExtensionList.sort(ExtensionList.java:401)
	at hudson.ExtensionList.ensureLoaded(ExtensionList.java:319)
	at hudson.ExtensionList.iterator(ExtensionList.java:172)
	at jenkins.model.Jenkins.getDescriptorByType(Jenkins.java:1607)
	at hudson.plugins.git.GitSCM.onLoaded(GitSCM.java:2075)
	at sun.reflect.NativeMethodAccessorImpl.invoke0(Native Method)
	at sun.reflect.NativeMethodAccessorImpl.invoke(NativeMethodAccessorImpl.java:62)
	at sun.reflect.DelegatingMethodAccessorImpl.invoke(DelegatingMethodAccessorImpl.java:43)
	at java.lang.reflect.Method.invoke(Method.java:498)
	at hudson.init.TaskMethodFinder.invoke(TaskMethodFinder.java:104)
	at hudson.init.TaskMethodFinder$TaskImpl.run(TaskMethodFinder.java:175)
	at org.jvnet.hudson.reactor.Reactor.runTask(Reactor.java:296)
	at jenkins.model.Jenkins$5.runTask(Jenkins.java:1131)
	at org.jvnet.hudson.reactor.Reactor$2.run(Reactor.java:214)
	at org.jvnet.hudson.reactor.Reactor$Node.run(Reactor.java:117)
	at jenkins.security.ImpersonatingExecutorService$1.run(ImpersonatingExecutorService.java:59)
	at java.util.concurrent.ThreadPoolExecutor.runWorker(ThreadPoolExecutor.java:1149)
	at java.util.concurrent.ThreadPoolExecutor$Worker.run(ThreadPoolExecutor.java:624)
	at java.lang.Thread.run(Thread.java:748)
  10.071 [id=70]	WARNING	hudson.ExtensionComponent#compareTo: Failure during Descriptor#getDisplayName for hudson.markup.EscapedMarkupFormatter$DescriptorImpl
java.lang.NoSuchMethodError: hudson.markup.Messages.EscapedMarkupFormatter_DisplayName()Ljava/lang/String;
	at hudson.markup.EscapedMarkupFormatter$DescriptorImpl.getDisplayName(EscapedMarkupFormatter.java:60)
	at hudson.ExtensionComponent.compareTo(ExtensionComponent.java:98)
	at hudson.ExtensionComponent.compareTo(ExtensionComponent.java:42)
	at java.util.ComparableTimSort.binarySort(ComparableTimSort.java:262)
	at java.util.ComparableTimSort.sort(ComparableTimSort.java:207)
	at java.util.Arrays.sort(Arrays.java:1312)
	at java.util.Arrays.sort(Arrays.java:1506)
	at java.util.ArrayList.sort(ArrayList.java:1464)
	at java.util.Collections.sort(Collections.java:143)
	at hudson.ExtensionList.sort(ExtensionList.java:401)
	at hudson.ExtensionList.ensureLoaded(ExtensionList.java:319)
	at hudson.ExtensionList.iterator(ExtensionList.java:172)
	at jenkins.model.Jenkins.getDescriptorByType(Jenkins.java:1607)
	at hudson.plugins.git.GitSCM.onLoaded(GitSCM.java:2075)
	at sun.reflect.NativeMethodAccessorImpl.invoke0(Native Method)
	at sun.reflect.NativeMethodAccessorImpl.invoke(NativeMethodAccessorImpl.java:62)
	at sun.reflect.DelegatingMethodAccessorImpl.invoke(DelegatingMethodAccessorImpl.java:43)
	at java.lang.reflect.Method.invoke(Method.java:498)
	at hudson.init.TaskMethodFinder.invoke(TaskMethodFinder.java:104)
	at hudson.init.TaskMethodFinder$TaskImpl.run(TaskMethodFinder.java:175)
	at org.jvnet.hudson.reactor.Reactor.runTask(Reactor.java:296)
	at jenkins.model.Jenkins$5.runTask(Jenkins.java:1131)
	at org.jvnet.hudson.reactor.Reactor$2.run(Reactor.java:214)
	at org.jvnet.hudson.reactor.Reactor$Node.run(Reactor.java:117)
	at jenkins.security.ImpersonatingExecutorService$1.run(ImpersonatingExecutorService.java:59)
	at java.util.concurrent.ThreadPoolExecutor.runWorker(ThreadPoolExecutor.java:1149)
	at java.util.concurrent.ThreadPoolExecutor$Worker.run(ThreadPoolExecutor.java:624)
	at java.lang.Thread.run(Thread.java:748)
  10.073 [id=70]	WARNING	hudson.ExtensionComponent#compareTo: Failure during Descriptor#getDisplayName for hudson.markup.EscapedMarkupFormatter$DescriptorImpl
java.lang.NoSuchMethodError: hudson.markup.Messages.EscapedMarkupFormatter_DisplayName()Ljava/lang/String;
	at hudson.markup.EscapedMarkupFormatter$DescriptorImpl.getDisplayName(EscapedMarkupFormatter.java:60)
	at hudson.ExtensionComponent.compareTo(ExtensionComponent.java:98)
	at hudson.ExtensionComponent.compareTo(ExtensionComponent.java:42)
	at java.util.ComparableTimSort.mergeHi(ComparableTimSort.java:804)
	at java.util.ComparableTimSort.mergeAt(ComparableTimSort.java:483)
	at java.util.ComparableTimSort.mergeCollapse(ComparableTimSort.java:406)
	at java.util.ComparableTimSort.sort(ComparableTimSort.java:213)
	at java.util.Arrays.sort(Arrays.java:1312)
	at java.util.Arrays.sort(Arrays.java:1506)
	at java.util.ArrayList.sort(ArrayList.java:1464)
	at java.util.Collections.sort(Collections.java:143)
	at hudson.ExtensionList.sort(ExtensionList.java:401)
	at hudson.ExtensionList.ensureLoaded(ExtensionList.java:319)
	at hudson.ExtensionList.iterator(ExtensionList.java:172)
	at jenkins.model.Jenkins.getDescriptorByType(Jenkins.java:1607)
	at hudson.plugins.git.GitSCM.onLoaded(GitSCM.java:2075)
	at sun.reflect.NativeMethodAccessorImpl.invoke0(Native Method)
	at sun.reflect.NativeMethodAccessorImpl.invoke(NativeMethodAccessorImpl.java:62)
	at sun.reflect.DelegatingMethodAccessorImpl.invoke(DelegatingMethodAccessorImpl.java:43)
	at java.lang.reflect.Method.invoke(Method.java:498)
	at hudson.init.TaskMethodFinder.invoke(TaskMethodFinder.java:104)
	at hudson.init.TaskMethodFinder$TaskImpl.run(TaskMethodFinder.java:175)
	at org.jvnet.hudson.reactor.Reactor.runTask(Reactor.java:296)
	at jenkins.model.Jenkins$5.runTask(Jenkins.java:1131)
	at org.jvnet.hudson.reactor.Reactor$2.run(Reactor.java:214)
	at org.jvnet.hudson.reactor.Reactor$Node.run(Reactor.java:117)
	at jenkins.security.ImpersonatingExecutorService$1.run(ImpersonatingExecutorService.java:59)
	at java.util.concurrent.ThreadPoolExecutor.runWorker(ThreadPoolExecutor.java:1149)
	at java.util.concurrent.ThreadPoolExecutor$Worker.run(ThreadPoolExecutor.java:624)
	at java.lang.Thread.run(Thread.java:748)
  10.074 [id=70]	WARNING	hudson.ExtensionComponent#compareTo: Failure during Descriptor#getDisplayName for hudson.markup.EscapedMarkupFormatter$DescriptorImpl
java.lang.NoSuchMethodError: hudson.markup.Messages.EscapedMarkupFormatter_DisplayName()Ljava/lang/String;
	at hudson.markup.EscapedMarkupFormatter$DescriptorImpl.getDisplayName(EscapedMarkupFormatter.java:60)
	at hudson.ExtensionComponent.compareTo(ExtensionComponent.java:98)
	at hudson.ExtensionComponent.compareTo(ExtensionComponent.java:42)
	at java.util.ComparableTimSort.mergeHi(ComparableTimSort.java:804)
	at java.util.ComparableTimSort.mergeAt(ComparableTimSort.java:483)
	at java.util.ComparableTimSort.mergeCollapse(ComparableTimSort.java:406)
	at java.util.ComparableTimSort.sort(ComparableTimSort.java:213)
	at java.util.Arrays.sort(Arrays.java:1312)
	at java.util.Arrays.sort(Arrays.java:1506)
	at java.util.ArrayList.sort(ArrayList.java:1464)
	at java.util.Collections.sort(Collections.java:143)
	at hudson.ExtensionList.sort(ExtensionList.java:401)
	at hudson.ExtensionList.ensureLoaded(ExtensionList.java:319)
	at hudson.ExtensionList.iterator(ExtensionList.java:172)
	at jenkins.model.Jenkins.getDescriptorByType(Jenkins.java:1607)
	at hudson.plugins.git.GitSCM.onLoaded(GitSCM.java:2075)
	at sun.reflect.NativeMethodAccessorImpl.invoke0(Native Method)
	at sun.reflect.NativeMethodAccessorImpl.invoke(NativeMethodAccessorImpl.java:62)
	at sun.reflect.DelegatingMethodAccessorImpl.invoke(DelegatingMethodAccessorImpl.java:43)
	at java.lang.reflect.Method.invoke(Method.java:498)
	at hudson.init.TaskMethodFinder.invoke(TaskMethodFinder.java:104)
	at hudson.init.TaskMethodFinder$TaskImpl.run(TaskMethodFinder.java:175)
	at org.jvnet.hudson.reactor.Reactor.runTask(Reactor.java:296)
	at jenkins.model.Jenkins$5.runTask(Jenkins.java:1131)
	at org.jvnet.hudson.reactor.Reactor$2.run(Reactor.java:214)
	at org.jvnet.hudson.reactor.Reactor$Node.run(Reactor.java:117)
	at jenkins.security.ImpersonatingExecutorService$1.run(ImpersonatingExecutorService.java:59)
	at java.util.concurrent.ThreadPoolExecutor.runWorker(ThreadPoolExecutor.java:1149)
	at java.util.concurrent.ThreadPoolExecutor$Worker.run(ThreadPoolExecutor.java:624)
	at java.lang.Thread.run(Thread.java:748)
  10.074 [id=70]	WARNING	hudson.ExtensionComponent#compareTo: Failure during Descriptor#getDisplayName for hudson.markup.EscapedMarkupFormatter$DescriptorImpl
java.lang.NoSuchMethodError: hudson.markup.Messages.EscapedMarkupFormatter_DisplayName()Ljava/lang/String;
	at hudson.markup.EscapedMarkupFormatter$DescriptorImpl.getDisplayName(EscapedMarkupFormatter.java:60)
	at hudson.ExtensionComponent.compareTo(ExtensionComponent.java:98)
	at hudson.ExtensionComponent.compareTo(ExtensionComponent.java:42)
	at java.util.ComparableTimSort.mergeHi(ComparableTimSort.java:804)
	at java.util.ComparableTimSort.mergeAt(ComparableTimSort.java:483)
	at java.util.ComparableTimSort.mergeCollapse(ComparableTimSort.java:406)
	at java.util.ComparableTimSort.sort(ComparableTimSort.java:213)
	at java.util.Arrays.sort(Arrays.java:1312)
	at java.util.Arrays.sort(Arrays.java:1506)
	at java.util.ArrayList.sort(ArrayList.java:1464)
	at java.util.Collections.sort(Collections.java:143)
	at hudson.ExtensionList.sort(ExtensionList.java:401)
	at hudson.ExtensionList.ensureLoaded(ExtensionList.java:319)
	at hudson.ExtensionList.iterator(ExtensionList.java:172)
	at jenkins.model.Jenkins.getDescriptorByType(Jenkins.java:1607)
	at hudson.plugins.git.GitSCM.onLoaded(GitSCM.java:2075)
	at sun.reflect.NativeMethodAccessorImpl.invoke0(Native Method)
	at sun.reflect.NativeMethodAccessorImpl.invoke(NativeMethodAccessorImpl.java:62)
	at sun.reflect.DelegatingMethodAccessorImpl.invoke(DelegatingMethodAccessorImpl.java:43)
	at java.lang.reflect.Method.invoke(Method.java:498)
	at hudson.init.TaskMethodFinder.invoke(TaskMethodFinder.java:104)
	at hudson.init.TaskMethodFinder$TaskImpl.run(TaskMethodFinder.java:175)
	at org.jvnet.hudson.reactor.Reactor.runTask(Reactor.java:296)
	at jenkins.model.Jenkins$5.runTask(Jenkins.java:1131)
	at org.jvnet.hudson.reactor.Reactor$2.run(Reactor.java:214)
	at org.jvnet.hudson.reactor.Reactor$Node.run(Reactor.java:117)
	at jenkins.security.ImpersonatingExecutorService$1.run(ImpersonatingExecutorService.java:59)
	at java.util.concurrent.ThreadPoolExecutor.runWorker(ThreadPoolExecutor.java:1149)
	at java.util.concurrent.ThreadPoolExecutor$Worker.run(ThreadPoolExecutor.java:624)
	at java.lang.Thread.run(Thread.java:748)
  10.075 [id=70]	WARNING	hudson.ExtensionComponent#compareTo: Failure during Descriptor#getDisplayName for hudson.markup.EscapedMarkupFormatter$DescriptorImpl
java.lang.NoSuchMethodError: hudson.markup.Messages.EscapedMarkupFormatter_DisplayName()Ljava/lang/String;
	at hudson.markup.EscapedMarkupFormatter$DescriptorImpl.getDisplayName(EscapedMarkupFormatter.java:60)
	at hudson.ExtensionComponent.compareTo(ExtensionComponent.java:98)
	at hudson.ExtensionComponent.compareTo(ExtensionComponent.java:42)
	at java.util.ComparableTimSort.mergeHi(ComparableTimSort.java:804)
	at java.util.ComparableTimSort.mergeAt(ComparableTimSort.java:483)
	at java.util.ComparableTimSort.mergeCollapse(ComparableTimSort.java:406)
	at java.util.ComparableTimSort.sort(ComparableTimSort.java:213)
	at java.util.Arrays.sort(Arrays.java:1312)
	at java.util.Arrays.sort(Arrays.java:1506)
	at java.util.ArrayList.sort(ArrayList.java:1464)
	at java.util.Collections.sort(Collections.java:143)
	at hudson.ExtensionList.sort(ExtensionList.java:401)
	at hudson.ExtensionList.ensureLoaded(ExtensionList.java:319)
	at hudson.ExtensionList.iterator(ExtensionList.java:172)
	at jenkins.model.Jenkins.getDescriptorByType(Jenkins.java:1607)
	at hudson.plugins.git.GitSCM.onLoaded(GitSCM.java:2075)
	at sun.reflect.NativeMethodAccessorImpl.invoke0(Native Method)
	at sun.reflect.NativeMethodAccessorImpl.invoke(NativeMethodAccessorImpl.java:62)
	at sun.reflect.DelegatingMethodAccessorImpl.invoke(DelegatingMethodAccessorImpl.java:43)
	at java.lang.reflect.Method.invoke(Method.java:498)
	at hudson.init.TaskMethodFinder.invoke(TaskMethodFinder.java:104)
	at hudson.init.TaskMethodFinder$TaskImpl.run(TaskMethodFinder.java:175)
	at org.jvnet.hudson.reactor.Reactor.runTask(Reactor.java:296)
	at jenkins.model.Jenkins$5.runTask(Jenkins.java:1131)
	at org.jvnet.hudson.reactor.Reactor$2.run(Reactor.java:214)
	at org.jvnet.hudson.reactor.Reactor$Node.run(Reactor.java:117)
	at jenkins.security.ImpersonatingExecutorService$1.run(ImpersonatingExecutorService.java:59)
	at java.util.concurrent.ThreadPoolExecutor.runWorker(ThreadPoolExecutor.java:1149)
	at java.util.concurrent.ThreadPoolExecutor$Worker.run(ThreadPoolExecutor.java:624)
	at java.lang.Thread.run(Thread.java:748)
  10.075 [id=70]	WARNING	hudson.ExtensionComponent#compareTo: Failure during Descriptor#getDisplayName for hudson.markup.EscapedMarkupFormatter$DescriptorImpl
java.lang.NoSuchMethodError: hudson.markup.Messages.EscapedMarkupFormatter_DisplayName()Ljava/lang/String;
	at hudson.markup.EscapedMarkupFormatter$DescriptorImpl.getDisplayName(EscapedMarkupFormatter.java:60)
	at hudson.ExtensionComponent.compareTo(ExtensionComponent.java:98)
	at hudson.ExtensionComponent.compareTo(ExtensionComponent.java:42)
	at java.util.ComparableTimSort.mergeHi(ComparableTimSort.java:804)
	at java.util.ComparableTimSort.mergeAt(ComparableTimSort.java:483)
	at java.util.ComparableTimSort.mergeCollapse(ComparableTimSort.java:406)
	at java.util.ComparableTimSort.sort(ComparableTimSort.java:213)
	at java.util.Arrays.sort(Arrays.java:1312)
	at java.util.Arrays.sort(Arrays.java:1506)
	at java.util.ArrayList.sort(ArrayList.java:1464)
	at java.util.Collections.sort(Collections.java:143)
	at hudson.ExtensionList.sort(ExtensionList.java:401)
	at hudson.ExtensionList.ensureLoaded(ExtensionList.java:319)
	at hudson.ExtensionList.iterator(ExtensionList.java:172)
	at jenkins.model.Jenkins.getDescriptorByType(Jenkins.java:1607)
	at hudson.plugins.git.GitSCM.onLoaded(GitSCM.java:2075)
	at sun.reflect.NativeMethodAccessorImpl.invoke0(Native Method)
	at sun.reflect.NativeMethodAccessorImpl.invoke(NativeMethodAccessorImpl.java:62)
	at sun.reflect.DelegatingMethodAccessorImpl.invoke(DelegatingMethodAccessorImpl.java:43)
	at java.lang.reflect.Method.invoke(Method.java:498)
	at hudson.init.TaskMethodFinder.invoke(TaskMethodFinder.java:104)
	at hudson.init.TaskMethodFinder$TaskImpl.run(TaskMethodFinder.java:175)
	at org.jvnet.hudson.reactor.Reactor.runTask(Reactor.java:296)
	at jenkins.model.Jenkins$5.runTask(Jenkins.java:1131)
	at org.jvnet.hudson.reactor.Reactor$2.run(Reactor.java:214)
	at org.jvnet.hudson.reactor.Reactor$Node.run(Reactor.java:117)
	at jenkins.security.ImpersonatingExecutorService$1.run(ImpersonatingExecutorService.java:59)
	at java.util.concurrent.ThreadPoolExecutor.runWorker(ThreadPoolExecutor.java:1149)
	at java.util.concurrent.ThreadPoolExecutor$Worker.run(ThreadPoolExecutor.java:624)
	at java.lang.Thread.run(Thread.java:748)
  10.089 [id=70]	WARNING	hudson.ExtensionComponent#compareTo: Failure during Descriptor#getDisplayName for hudson.markup.EscapedMarkupFormatter$DescriptorImpl
java.lang.NoSuchMethodError: hudson.markup.Messages.EscapedMarkupFormatter_DisplayName()Ljava/lang/String;
	at hudson.markup.EscapedMarkupFormatter$DescriptorImpl.getDisplayName(EscapedMarkupFormatter.java:60)
	at hudson.ExtensionComponent.compareTo(ExtensionComponent.java:109)
	at hudson.ExtensionComponent.compareTo(ExtensionComponent.java:42)
	at java.util.ComparableTimSort.mergeHi(ComparableTimSort.java:804)
	at java.util.ComparableTimSort.mergeAt(ComparableTimSort.java:483)
	at java.util.ComparableTimSort.mergeForceCollapse(ComparableTimSort.java:422)
	at java.util.ComparableTimSort.sort(ComparableTimSort.java:222)
	at java.util.Arrays.sort(Arrays.java:1312)
	at java.util.Arrays.sort(Arrays.java:1506)
	at java.util.ArrayList.sort(ArrayList.java:1464)
	at java.util.Collections.sort(Collections.java:143)
	at hudson.ExtensionList.sort(ExtensionList.java:401)
	at hudson.ExtensionList.ensureLoaded(ExtensionList.java:319)
	at hudson.ExtensionList.iterator(ExtensionList.java:172)
	at jenkins.model.Jenkins.getDescriptorByType(Jenkins.java:1607)
	at hudson.plugins.git.GitSCM.onLoaded(GitSCM.java:2075)
	at sun.reflect.NativeMethodAccessorImpl.invoke0(Native Method)
	at sun.reflect.NativeMethodAccessorImpl.invoke(NativeMethodAccessorImpl.java:62)
	at sun.reflect.DelegatingMethodAccessorImpl.invoke(DelegatingMethodAccessorImpl.java:43)
	at java.lang.reflect.Method.invoke(Method.java:498)
	at hudson.init.TaskMethodFinder.invoke(TaskMethodFinder.java:104)
	at hudson.init.TaskMethodFinder$TaskImpl.run(TaskMethodFinder.java:175)
	at org.jvnet.hudson.reactor.Reactor.runTask(Reactor.java:296)
	at jenkins.model.Jenkins$5.runTask(Jenkins.java:1131)
	at org.jvnet.hudson.reactor.Reactor$2.run(Reactor.java:214)
	at org.jvnet.hudson.reactor.Reactor$Node.run(Reactor.java:117)
	at jenkins.security.ImpersonatingExecutorService$1.run(ImpersonatingExecutorService.java:59)
	at java.util.concurrent.ThreadPoolExecutor.runWorker(ThreadPoolExecutor.java:1149)
	at java.util.concurrent.ThreadPoolExecutor$Worker.run(ThreadPoolExecutor.java:624)
	at java.lang.Thread.run(Thread.java:748)
  10.090 [id=70]	WARNING	hudson.ExtensionComponent#compareTo: Failure during Descriptor#getDisplayName for hudson.markup.EscapedMarkupFormatter$DescriptorImpl
java.lang.NoSuchMethodError: hudson.markup.Messages.EscapedMarkupFormatter_DisplayName()Ljava/lang/String;
	at hudson.markup.EscapedMarkupFormatter$DescriptorImpl.getDisplayName(EscapedMarkupFormatter.java:60)
	at hudson.ExtensionComponent.compareTo(ExtensionComponent.java:109)
	at hudson.ExtensionComponent.compareTo(ExtensionComponent.java:42)
	at java.util.ComparableTimSort.mergeHi(ComparableTimSort.java:804)
	at java.util.ComparableTimSort.mergeAt(ComparableTimSort.java:483)
	at java.util.ComparableTimSort.mergeForceCollapse(ComparableTimSort.java:422)
	at java.util.ComparableTimSort.sort(ComparableTimSort.java:222)
	at java.util.Arrays.sort(Arrays.java:1312)
	at java.util.Arrays.sort(Arrays.java:1506)
	at java.util.ArrayList.sort(ArrayList.java:1464)
	at java.util.Collections.sort(Collections.java:143)
	at hudson.ExtensionList.sort(ExtensionList.java:401)
	at hudson.ExtensionList.ensureLoaded(ExtensionList.java:319)
	at hudson.ExtensionList.iterator(ExtensionList.java:172)
	at jenkins.model.Jenkins.getDescriptorByType(Jenkins.java:1607)
	at hudson.plugins.git.GitSCM.onLoaded(GitSCM.java:2075)
	at sun.reflect.NativeMethodAccessorImpl.invoke0(Native Method)
	at sun.reflect.NativeMethodAccessorImpl.invoke(NativeMethodAccessorImpl.java:62)
	at sun.reflect.DelegatingMethodAccessorImpl.invoke(DelegatingMethodAccessorImpl.java:43)
	at java.lang.reflect.Method.invoke(Method.java:498)
	at hudson.init.TaskMethodFinder.invoke(TaskMethodFinder.java:104)
	at hudson.init.TaskMethodFinder$TaskImpl.run(TaskMethodFinder.java:175)
	at org.jvnet.hudson.reactor.Reactor.runTask(Reactor.java:296)
	at jenkins.model.Jenkins$5.runTask(Jenkins.java:1131)
	at org.jvnet.hudson.reactor.Reactor$2.run(Reactor.java:214)
	at org.jvnet.hudson.reactor.Reactor$Node.run(Reactor.java:117)
	at jenkins.security.ImpersonatingExecutorService$1.run(ImpersonatingExecutorService.java:59)
	at java.util.concurrent.ThreadPoolExecutor.runWorker(ThreadPoolExecutor.java:1149)
	at java.util.concurrent.ThreadPoolExecutor$Worker.run(ThreadPoolExecutor.java:624)
	at java.lang.Thread.run(Thread.java:748)
  10.090 [id=70]	WARNING	hudson.ExtensionComponent#compareTo: Failure during Descriptor#getDisplayName for hudson.markup.EscapedMarkupFormatter$DescriptorImpl
java.lang.NoSuchMethodError: hudson.markup.Messages.EscapedMarkupFormatter_DisplayName()Ljava/lang/String;
	at hudson.markup.EscapedMarkupFormatter$DescriptorImpl.getDisplayName(EscapedMarkupFormatter.java:60)
	at hudson.ExtensionComponent.compareTo(ExtensionComponent.java:109)
	at hudson.ExtensionComponent.compareTo(ExtensionComponent.java:42)
	at java.util.ComparableTimSort.mergeHi(ComparableTimSort.java:804)
	at java.util.ComparableTimSort.mergeAt(ComparableTimSort.java:483)
	at java.util.ComparableTimSort.mergeForceCollapse(ComparableTimSort.java:422)
	at java.util.ComparableTimSort.sort(ComparableTimSort.java:222)
	at java.util.Arrays.sort(Arrays.java:1312)
	at java.util.Arrays.sort(Arrays.java:1506)
	at java.util.ArrayList.sort(ArrayList.java:1464)
	at java.util.Collections.sort(Collections.java:143)
	at hudson.ExtensionList.sort(ExtensionList.java:401)
	at hudson.ExtensionList.ensureLoaded(ExtensionList.java:319)
	at hudson.ExtensionList.iterator(ExtensionList.java:172)
	at jenkins.model.Jenkins.getDescriptorByType(Jenkins.java:1607)
	at hudson.plugins.git.GitSCM.onLoaded(GitSCM.java:2075)
	at sun.reflect.NativeMethodAccessorImpl.invoke0(Native Method)
	at sun.reflect.NativeMethodAccessorImpl.invoke(NativeMethodAccessorImpl.java:62)
	at sun.reflect.DelegatingMethodAccessorImpl.invoke(DelegatingMethodAccessorImpl.java:43)
	at java.lang.reflect.Method.invoke(Method.java:498)
	at hudson.init.TaskMethodFinder.invoke(TaskMethodFinder.java:104)
	at hudson.init.TaskMethodFinder$TaskImpl.run(TaskMethodFinder.java:175)
	at org.jvnet.hudson.reactor.Reactor.runTask(Reactor.java:296)
	at jenkins.model.Jenkins$5.runTask(Jenkins.java:1131)
	at org.jvnet.hudson.reactor.Reactor$2.run(Reactor.java:214)
	at org.jvnet.hudson.reactor.Reactor$Node.run(Reactor.java:117)
	at jenkins.security.ImpersonatingExecutorService$1.run(ImpersonatingExecutorService.java:59)
	at java.util.concurrent.ThreadPoolExecutor.runWorker(ThreadPoolExecutor.java:1149)
	at java.util.concurrent.ThreadPoolExecutor$Worker.run(ThreadPoolExecutor.java:624)
	at java.lang.Thread.run(Thread.java:748)
  10.091 [id=70]	WARNING	hudson.ExtensionComponent#compareTo: Failure during Descriptor#getDisplayName for hudson.markup.EscapedMarkupFormatter$DescriptorImpl
java.lang.NoSuchMethodError: hudson.markup.Messages.EscapedMarkupFormatter_DisplayName()Ljava/lang/String;
	at hudson.markup.EscapedMarkupFormatter$DescriptorImpl.getDisplayName(EscapedMarkupFormatter.java:60)
	at hudson.ExtensionComponent.compareTo(ExtensionComponent.java:109)
	at hudson.ExtensionComponent.compareTo(ExtensionComponent.java:42)
	at java.util.ComparableTimSort.mergeHi(ComparableTimSort.java:804)
	at java.util.ComparableTimSort.mergeAt(ComparableTimSort.java:483)
	at java.util.ComparableTimSort.mergeForceCollapse(ComparableTimSort.java:422)
	at java.util.ComparableTimSort.sort(ComparableTimSort.java:222)
	at java.util.Arrays.sort(Arrays.java:1312)
	at java.util.Arrays.sort(Arrays.java:1506)
	at java.util.ArrayList.sort(ArrayList.java:1464)
	at java.util.Collections.sort(Collections.java:143)
	at hudson.ExtensionList.sort(ExtensionList.java:401)
	at hudson.ExtensionList.ensureLoaded(ExtensionList.java:319)
	at hudson.ExtensionList.iterator(ExtensionList.java:172)
	at jenkins.model.Jenkins.getDescriptorByType(Jenkins.java:1607)
	at hudson.plugins.git.GitSCM.onLoaded(GitSCM.java:2075)
	at sun.reflect.NativeMethodAccessorImpl.invoke0(Native Method)
	at sun.reflect.NativeMethodAccessorImpl.invoke(NativeMethodAccessorImpl.java:62)
	at sun.reflect.DelegatingMethodAccessorImpl.invoke(DelegatingMethodAccessorImpl.java:43)
	at java.lang.reflect.Method.invoke(Method.java:498)
	at hudson.init.TaskMethodFinder.invoke(TaskMethodFinder.java:104)
	at hudson.init.TaskMethodFinder$TaskImpl.run(TaskMethodFinder.java:175)
	at org.jvnet.hudson.reactor.Reactor.runTask(Reactor.java:296)
	at jenkins.model.Jenkins$5.runTask(Jenkins.java:1131)
	at org.jvnet.hudson.reactor.Reactor$2.run(Reactor.java:214)
	at org.jvnet.hudson.reactor.Reactor$Node.run(Reactor.java:117)
	at jenkins.security.ImpersonatingExecutorService$1.run(ImpersonatingExecutorService.java:59)
	at java.util.concurrent.ThreadPoolExecutor.runWorker(ThreadPoolExecutor.java:1149)
	at java.util.concurrent.ThreadPoolExecutor$Worker.run(ThreadPoolExecutor.java:624)
	at java.lang.Thread.run(Thread.java:748)
  10.091 [id=70]	WARNING	hudson.ExtensionComponent#compareTo: Failure during Descriptor#getDisplayName for hudson.markup.EscapedMarkupFormatter$DescriptorImpl
java.lang.NoSuchMethodError: hudson.markup.Messages.EscapedMarkupFormatter_DisplayName()Ljava/lang/String;
	at hudson.markup.EscapedMarkupFormatter$DescriptorImpl.getDisplayName(EscapedMarkupFormatter.java:60)
	at hudson.ExtensionComponent.compareTo(ExtensionComponent.java:98)
	at hudson.ExtensionComponent.compareTo(ExtensionComponent.java:42)
	at java.util.ComparableTimSort.mergeHi(ComparableTimSort.java:804)
	at java.util.ComparableTimSort.mergeAt(ComparableTimSort.java:483)
	at java.util.ComparableTimSort.mergeForceCollapse(ComparableTimSort.java:422)
	at java.util.ComparableTimSort.sort(ComparableTimSort.java:222)
	at java.util.Arrays.sort(Arrays.java:1312)
	at java.util.Arrays.sort(Arrays.java:1506)
	at java.util.ArrayList.sort(ArrayList.java:1464)
	at java.util.Collections.sort(Collections.java:143)
	at hudson.ExtensionList.sort(ExtensionList.java:401)
	at hudson.ExtensionList.ensureLoaded(ExtensionList.java:319)
	at hudson.ExtensionList.iterator(ExtensionList.java:172)
	at jenkins.model.Jenkins.getDescriptorByType(Jenkins.java:1607)
	at hudson.plugins.git.GitSCM.onLoaded(GitSCM.java:2075)
	at sun.reflect.NativeMethodAccessorImpl.invoke0(Native Method)
	at sun.reflect.NativeMethodAccessorImpl.invoke(NativeMethodAccessorImpl.java:62)
	at sun.reflect.DelegatingMethodAccessorImpl.invoke(DelegatingMethodAccessorImpl.java:43)
	at java.lang.reflect.Method.invoke(Method.java:498)
	at hudson.init.TaskMethodFinder.invoke(TaskMethodFinder.java:104)
	at hudson.init.TaskMethodFinder$TaskImpl.run(TaskMethodFinder.java:175)
	at org.jvnet.hudson.reactor.Reactor.runTask(Reactor.java:296)
	at jenkins.model.Jenkins$5.runTask(Jenkins.java:1131)
	at org.jvnet.hudson.reactor.Reactor$2.run(Reactor.java:214)
	at org.jvnet.hudson.reactor.Reactor$Node.run(Reactor.java:117)
	at jenkins.security.ImpersonatingExecutorService$1.run(ImpersonatingExecutorService.java:59)
	at java.util.concurrent.ThreadPoolExecutor.runWorker(ThreadPoolExecutor.java:1149)
	at java.util.concurrent.ThreadPoolExecutor$Worker.run(ThreadPoolExecutor.java:624)
	at java.lang.Thread.run(Thread.java:748)
  10.092 [id=70]	WARNING	hudson.ExtensionComponent#compareTo: Failure during Descriptor#getDisplayName for hudson.markup.EscapedMarkupFormatter$DescriptorImpl
java.lang.NoSuchMethodError: hudson.markup.Messages.EscapedMarkupFormatter_DisplayName()Ljava/lang/String;
	at hudson.markup.EscapedMarkupFormatter$DescriptorImpl.getDisplayName(EscapedMarkupFormatter.java:60)
	at hudson.ExtensionComponent.compareTo(ExtensionComponent.java:98)
	at hudson.ExtensionComponent.compareTo(ExtensionComponent.java:42)
	at java.util.ComparableTimSort.mergeHi(ComparableTimSort.java:804)
	at java.util.ComparableTimSort.mergeAt(ComparableTimSort.java:483)
	at java.util.ComparableTimSort.mergeForceCollapse(ComparableTimSort.java:422)
	at java.util.ComparableTimSort.sort(ComparableTimSort.java:222)
	at java.util.Arrays.sort(Arrays.java:1312)
	at java.util.Arrays.sort(Arrays.java:1506)
	at java.util.ArrayList.sort(ArrayList.java:1464)
	at java.util.Collections.sort(Collections.java:143)
	at hudson.ExtensionList.sort(ExtensionList.java:401)
	at hudson.ExtensionList.ensureLoaded(ExtensionList.java:319)
	at hudson.ExtensionList.iterator(ExtensionList.java:172)
	at jenkins.model.Jenkins.getDescriptorByType(Jenkins.java:1607)
	at hudson.plugins.git.GitSCM.onLoaded(GitSCM.java:2075)
	at sun.reflect.NativeMethodAccessorImpl.invoke0(Native Method)
	at sun.reflect.NativeMethodAccessorImpl.invoke(NativeMethodAccessorImpl.java:62)
	at sun.reflect.DelegatingMethodAccessorImpl.invoke(DelegatingMethodAccessorImpl.java:43)
	at java.lang.reflect.Method.invoke(Method.java:498)
	at hudson.init.TaskMethodFinder.invoke(TaskMethodFinder.java:104)
	at hudson.init.TaskMethodFinder$TaskImpl.run(TaskMethodFinder.java:175)
	at org.jvnet.hudson.reactor.Reactor.runTask(Reactor.java:296)
	at jenkins.model.Jenkins$5.runTask(Jenkins.java:1131)
	at org.jvnet.hudson.reactor.Reactor$2.run(Reactor.java:214)
	at org.jvnet.hudson.reactor.Reactor$Node.run(Reactor.java:117)
	at jenkins.security.ImpersonatingExecutorService$1.run(ImpersonatingExecutorService.java:59)
	at java.util.concurrent.ThreadPoolExecutor.runWorker(ThreadPoolExecutor.java:1149)
	at java.util.concurrent.ThreadPoolExecutor$Worker.run(ThreadPoolExecutor.java:624)
	at java.lang.Thread.run(Thread.java:748)
  10.092 [id=70]	WARNING	hudson.ExtensionComponent#compareTo: Failure during Descriptor#getDisplayName for hudson.markup.EscapedMarkupFormatter$DescriptorImpl
java.lang.NoSuchMethodError: hudson.markup.Messages.EscapedMarkupFormatter_DisplayName()Ljava/lang/String;
	at hudson.markup.EscapedMarkupFormatter$DescriptorImpl.getDisplayName(EscapedMarkupFormatter.java:60)
	at hudson.ExtensionComponent.compareTo(ExtensionComponent.java:98)
	at hudson.ExtensionComponent.compareTo(ExtensionComponent.java:42)
	at java.util.ComparableTimSort.mergeHi(ComparableTimSort.java:804)
	at java.util.ComparableTimSort.mergeAt(ComparableTimSort.java:483)
	at java.util.ComparableTimSort.mergeForceCollapse(ComparableTimSort.java:422)
	at java.util.ComparableTimSort.sort(ComparableTimSort.java:222)
	at java.util.Arrays.sort(Arrays.java:1312)
	at java.util.Arrays.sort(Arrays.java:1506)
	at java.util.ArrayList.sort(ArrayList.java:1464)
	at java.util.Collections.sort(Collections.java:143)
	at hudson.ExtensionList.sort(ExtensionList.java:401)
	at hudson.ExtensionList.ensureLoaded(ExtensionList.java:319)
	at hudson.ExtensionList.iterator(ExtensionList.java:172)
	at jenkins.model.Jenkins.getDescriptorByType(Jenkins.java:1607)
	at hudson.plugins.git.GitSCM.onLoaded(GitSCM.java:2075)
	at sun.reflect.NativeMethodAccessorImpl.invoke0(Native Method)
	at sun.reflect.NativeMethodAccessorImpl.invoke(NativeMethodAccessorImpl.java:62)
	at sun.reflect.DelegatingMethodAccessorImpl.invoke(DelegatingMethodAccessorImpl.java:43)
	at java.lang.reflect.Method.invoke(Method.java:498)
	at hudson.init.TaskMethodFinder.invoke(TaskMethodFinder.java:104)
	at hudson.init.TaskMethodFinder$TaskImpl.run(TaskMethodFinder.java:175)
	at org.jvnet.hudson.reactor.Reactor.runTask(Reactor.java:296)
	at jenkins.model.Jenkins$5.runTask(Jenkins.java:1131)
	at org.jvnet.hudson.reactor.Reactor$2.run(Reactor.java:214)
	at org.jvnet.hudson.reactor.Reactor$Node.run(Reactor.java:117)
	at jenkins.security.ImpersonatingExecutorService$1.run(ImpersonatingExecutorService.java:59)
	at java.util.concurrent.ThreadPoolExecutor.runWorker(ThreadPoolExecutor.java:1149)
	at java.util.concurrent.ThreadPoolExecutor$Worker.run(ThreadPoolExecutor.java:624)
	at java.lang.Thread.run(Thread.java:748)
  10.093 [id=70]	WARNING	hudson.ExtensionComponent#compareTo: Failure during Descriptor#getDisplayName for hudson.markup.EscapedMarkupFormatter$DescriptorImpl
java.lang.NoSuchMethodError: hudson.markup.Messages.EscapedMarkupFormatter_DisplayName()Ljava/lang/String;
	at hudson.markup.EscapedMarkupFormatter$DescriptorImpl.getDisplayName(EscapedMarkupFormatter.java:60)
	at hudson.ExtensionComponent.compareTo(ExtensionComponent.java:98)
	at hudson.ExtensionComponent.compareTo(ExtensionComponent.java:42)
	at java.util.ComparableTimSort.mergeHi(ComparableTimSort.java:804)
	at java.util.ComparableTimSort.mergeAt(ComparableTimSort.java:483)
	at java.util.ComparableTimSort.mergeForceCollapse(ComparableTimSort.java:422)
	at java.util.ComparableTimSort.sort(ComparableTimSort.java:222)
	at java.util.Arrays.sort(Arrays.java:1312)
	at java.util.Arrays.sort(Arrays.java:1506)
	at java.util.ArrayList.sort(ArrayList.java:1464)
	at java.util.Collections.sort(Collections.java:143)
	at hudson.ExtensionList.sort(ExtensionList.java:401)
	at hudson.ExtensionList.ensureLoaded(ExtensionList.java:319)
	at hudson.ExtensionList.iterator(ExtensionList.java:172)
	at jenkins.model.Jenkins.getDescriptorByType(Jenkins.java:1607)
	at hudson.plugins.git.GitSCM.onLoaded(GitSCM.java:2075)
	at sun.reflect.NativeMethodAccessorImpl.invoke0(Native Method)
	at sun.reflect.NativeMethodAccessorImpl.invoke(NativeMethodAccessorImpl.java:62)
	at sun.reflect.DelegatingMethodAccessorImpl.invoke(DelegatingMethodAccessorImpl.java:43)
	at java.lang.reflect.Method.invoke(Method.java:498)
	at hudson.init.TaskMethodFinder.invoke(TaskMethodFinder.java:104)
	at hudson.init.TaskMethodFinder$TaskImpl.run(TaskMethodFinder.java:175)
	at org.jvnet.hudson.reactor.Reactor.runTask(Reactor.java:296)
	at jenkins.model.Jenkins$5.runTask(Jenkins.java:1131)
	at org.jvnet.hudson.reactor.Reactor$2.run(Reactor.java:214)
	at org.jvnet.hudson.reactor.Reactor$Node.run(Reactor.java:117)
	at jenkins.security.ImpersonatingExecutorService$1.run(ImpersonatingExecutorService.java:59)
	at java.util.concurrent.ThreadPoolExecutor.runWorker(ThreadPoolExecutor.java:1149)
	at java.util.concurrent.ThreadPoolExecutor$Worker.run(ThreadPoolExecutor.java:624)
	at java.lang.Thread.run(Thread.java:748)
  10.093 [id=70]	WARNING	hudson.ExtensionComponent#compareTo: Failure during Descriptor#getDisplayName for hudson.markup.EscapedMarkupFormatter$DescriptorImpl
java.lang.NoSuchMethodError: hudson.markup.Messages.EscapedMarkupFormatter_DisplayName()Ljava/lang/String;
	at hudson.markup.EscapedMarkupFormatter$DescriptorImpl.getDisplayName(EscapedMarkupFormatter.java:60)
	at hudson.ExtensionComponent.compareTo(ExtensionComponent.java:98)
	at hudson.ExtensionComponent.compareTo(ExtensionComponent.java:42)
	at java.util.ComparableTimSort.mergeHi(ComparableTimSort.java:804)
	at java.util.ComparableTimSort.mergeAt(ComparableTimSort.java:483)
	at java.util.ComparableTimSort.mergeForceCollapse(ComparableTimSort.java:422)
	at java.util.ComparableTimSort.sort(ComparableTimSort.java:222)
	at java.util.Arrays.sort(Arrays.java:1312)
	at java.util.Arrays.sort(Arrays.java:1506)
	at java.util.ArrayList.sort(ArrayList.java:1464)
	at java.util.Collections.sort(Collections.java:143)
	at hudson.ExtensionList.sort(ExtensionList.java:401)
	at hudson.ExtensionList.ensureLoaded(ExtensionList.java:319)
	at hudson.ExtensionList.iterator(ExtensionList.java:172)
	at jenkins.model.Jenkins.getDescriptorByType(Jenkins.java:1607)
	at hudson.plugins.git.GitSCM.onLoaded(GitSCM.java:2075)
	at sun.reflect.NativeMethodAccessorImpl.invoke0(Native Method)
	at sun.reflect.NativeMethodAccessorImpl.invoke(NativeMethodAccessorImpl.java:62)
	at sun.reflect.DelegatingMethodAccessorImpl.invoke(DelegatingMethodAccessorImpl.java:43)
	at java.lang.reflect.Method.invoke(Method.java:498)
	at hudson.init.TaskMethodFinder.invoke(TaskMethodFinder.java:104)
	at hudson.init.TaskMethodFinder$TaskImpl.run(TaskMethodFinder.java:175)
	at org.jvnet.hudson.reactor.Reactor.runTask(Reactor.java:296)
	at jenkins.model.Jenkins$5.runTask(Jenkins.java:1131)
	at org.jvnet.hudson.reactor.Reactor$2.run(Reactor.java:214)
	at org.jvnet.hudson.reactor.Reactor$Node.run(Reactor.java:117)
	at jenkins.security.ImpersonatingExecutorService$1.run(ImpersonatingExecutorService.java:59)
	at java.util.concurrent.ThreadPoolExecutor.runWorker(ThreadPoolExecutor.java:1149)
	at java.util.concurrent.ThreadPoolExecutor$Worker.run(ThreadPoolExecutor.java:624)
	at java.lang.Thread.run(Thread.java:748)
  10.094 [id=70]	WARNING	hudson.ExtensionComponent#compareTo: Failure during Descriptor#getDisplayName for hudson.markup.EscapedMarkupFormatter$DescriptorImpl
java.lang.NoSuchMethodError: hudson.markup.Messages.EscapedMarkupFormatter_DisplayName()Ljava/lang/String;
	at hudson.markup.EscapedMarkupFormatter$DescriptorImpl.getDisplayName(EscapedMarkupFormatter.java:60)
	at hudson.ExtensionComponent.compareTo(ExtensionComponent.java:98)
	at hudson.ExtensionComponent.compareTo(ExtensionComponent.java:42)
	at java.util.ComparableTimSort.mergeHi(ComparableTimSort.java:804)
	at java.util.ComparableTimSort.mergeAt(ComparableTimSort.java:483)
	at java.util.ComparableTimSort.mergeForceCollapse(ComparableTimSort.java:422)
	at java.util.ComparableTimSort.sort(ComparableTimSort.java:222)
	at java.util.Arrays.sort(Arrays.java:1312)
	at java.util.Arrays.sort(Arrays.java:1506)
	at java.util.ArrayList.sort(ArrayList.java:1464)
	at java.util.Collections.sort(Collections.java:143)
	at hudson.ExtensionList.sort(ExtensionList.java:401)
	at hudson.ExtensionList.ensureLoaded(ExtensionList.java:319)
	at hudson.ExtensionList.iterator(ExtensionList.java:172)
	at jenkins.model.Jenkins.getDescriptorByType(Jenkins.java:1607)
	at hudson.plugins.git.GitSCM.onLoaded(GitSCM.java:2075)
	at sun.reflect.NativeMethodAccessorImpl.invoke0(Native Method)
	at sun.reflect.NativeMethodAccessorImpl.invoke(NativeMethodAccessorImpl.java:62)
	at sun.reflect.DelegatingMethodAccessorImpl.invoke(DelegatingMethodAccessorImpl.java:43)
	at java.lang.reflect.Method.invoke(Method.java:498)
	at hudson.init.TaskMethodFinder.invoke(TaskMethodFinder.java:104)
	at hudson.init.TaskMethodFinder$TaskImpl.run(TaskMethodFinder.java:175)
	at org.jvnet.hudson.reactor.Reactor.runTask(Reactor.java:296)
	at jenkins.model.Jenkins$5.runTask(Jenkins.java:1131)
	at org.jvnet.hudson.reactor.Reactor$2.run(Reactor.java:214)
	at org.jvnet.hudson.reactor.Reactor$Node.run(Reactor.java:117)
	at jenkins.security.ImpersonatingExecutorService$1.run(ImpersonatingExecutorService.java:59)
	at java.util.concurrent.ThreadPoolExecutor.runWorker(ThreadPoolExecutor.java:1149)
	at java.util.concurrent.ThreadPoolExecutor$Worker.run(ThreadPoolExecutor.java:624)
	at java.lang.Thread.run(Thread.java:748)
  10.095 [id=70]	WARNING	hudson.ExtensionComponent#compareTo: Failure during Descriptor#getDisplayName for hudson.markup.EscapedMarkupFormatter$DescriptorImpl
java.lang.NoSuchMethodError: hudson.markup.Messages.EscapedMarkupFormatter_DisplayName()Ljava/lang/String;
	at hudson.markup.EscapedMarkupFormatter$DescriptorImpl.getDisplayName(EscapedMarkupFormatter.java:60)
	at hudson.ExtensionComponent.compareTo(ExtensionComponent.java:98)
	at hudson.ExtensionComponent.compareTo(ExtensionComponent.java:42)
	at java.util.ComparableTimSort.mergeHi(ComparableTimSort.java:804)
	at java.util.ComparableTimSort.mergeAt(ComparableTimSort.java:483)
	at java.util.ComparableTimSort.mergeForceCollapse(ComparableTimSort.java:422)
	at java.util.ComparableTimSort.sort(ComparableTimSort.java:222)
	at java.util.Arrays.sort(Arrays.java:1312)
	at java.util.Arrays.sort(Arrays.java:1506)
	at java.util.ArrayList.sort(ArrayList.java:1464)
	at java.util.Collections.sort(Collections.java:143)
	at hudson.ExtensionList.sort(ExtensionList.java:401)
	at hudson.ExtensionList.ensureLoaded(ExtensionList.java:319)
	at hudson.ExtensionList.iterator(ExtensionList.java:172)
	at jenkins.model.Jenkins.getDescriptorByType(Jenkins.java:1607)
	at hudson.plugins.git.GitSCM.onLoaded(GitSCM.java:2075)
	at sun.reflect.NativeMethodAccessorImpl.invoke0(Native Method)
	at sun.reflect.NativeMethodAccessorImpl.invoke(NativeMethodAccessorImpl.java:62)
	at sun.reflect.DelegatingMethodAccessorImpl.invoke(DelegatingMethodAccessorImpl.java:43)
	at java.lang.reflect.Method.invoke(Method.java:498)
	at hudson.init.TaskMethodFinder.invoke(TaskMethodFinder.java:104)
	at hudson.init.TaskMethodFinder$TaskImpl.run(TaskMethodFinder.java:175)
	at org.jvnet.hudson.reactor.Reactor.runTask(Reactor.java:296)
	at jenkins.model.Jenkins$5.runTask(Jenkins.java:1131)
	at org.jvnet.hudson.reactor.Reactor$2.run(Reactor.java:214)
	at org.jvnet.hudson.reactor.Reactor$Node.run(Reactor.java:117)
	at jenkins.security.ImpersonatingExecutorService$1.run(ImpersonatingExecutorService.java:59)
	at java.util.concurrent.ThreadPoolExecutor.runWorker(ThreadPoolExecutor.java:1149)
	at java.util.concurrent.ThreadPoolExecutor$Worker.run(ThreadPoolExecutor.java:624)
	at java.lang.Thread.run(Thread.java:748)
  10.095 [id=70]	WARNING	hudson.ExtensionComponent#compareTo: Failure during Descriptor#getDisplayName for hudson.markup.EscapedMarkupFormatter$DescriptorImpl
java.lang.NoSuchMethodError: hudson.markup.Messages.EscapedMarkupFormatter_DisplayName()Ljava/lang/String;
	at hudson.markup.EscapedMarkupFormatter$DescriptorImpl.getDisplayName(EscapedMarkupFormatter.java:60)
	at hudson.ExtensionComponent.compareTo(ExtensionComponent.java:98)
	at hudson.ExtensionComponent.compareTo(ExtensionComponent.java:42)
	at java.util.ComparableTimSort.mergeHi(ComparableTimSort.java:804)
	at java.util.ComparableTimSort.mergeAt(ComparableTimSort.java:483)
	at java.util.ComparableTimSort.mergeForceCollapse(ComparableTimSort.java:422)
	at java.util.ComparableTimSort.sort(ComparableTimSort.java:222)
	at java.util.Arrays.sort(Arrays.java:1312)
	at java.util.Arrays.sort(Arrays.java:1506)
	at java.util.ArrayList.sort(ArrayList.java:1464)
	at java.util.Collections.sort(Collections.java:143)
	at hudson.ExtensionList.sort(ExtensionList.java:401)
	at hudson.ExtensionList.ensureLoaded(ExtensionList.java:319)
	at hudson.ExtensionList.iterator(ExtensionList.java:172)
	at jenkins.model.Jenkins.getDescriptorByType(Jenkins.java:1607)
	at hudson.plugins.git.GitSCM.onLoaded(GitSCM.java:2075)
	at sun.reflect.NativeMethodAccessorImpl.invoke0(Native Method)
	at sun.reflect.NativeMethodAccessorImpl.invoke(NativeMethodAccessorImpl.java:62)
	at sun.reflect.DelegatingMethodAccessorImpl.invoke(DelegatingMethodAccessorImpl.java:43)
	at java.lang.reflect.Method.invoke(Method.java:498)
	at hudson.init.TaskMethodFinder.invoke(TaskMethodFinder.java:104)
	at hudson.init.TaskMethodFinder$TaskImpl.run(TaskMethodFinder.java:175)
	at org.jvnet.hudson.reactor.Reactor.runTask(Reactor.java:296)
	at jenkins.model.Jenkins$5.runTask(Jenkins.java:1131)
	at org.jvnet.hudson.reactor.Reactor$2.run(Reactor.java:214)
	at org.jvnet.hudson.reactor.Reactor$Node.run(Reactor.java:117)
	at jenkins.security.ImpersonatingExecutorService$1.run(ImpersonatingExecutorService.java:59)
	at java.util.concurrent.ThreadPoolExecutor.runWorker(ThreadPoolExecutor.java:1149)
	at java.util.concurrent.ThreadPoolExecutor$Worker.run(ThreadPoolExecutor.java:624)
	at java.lang.Thread.run(Thread.java:748)
  10.098 [id=75]	INFO	jenkins.InitReactorRunner$1#onAttained: Augmented all extensions
  10.108 [id=89]	INFO	jenkins.InitReactorRunner$1#onAttained: System config loaded
  10.108 [id=50]	INFO	jenkins.InitReactorRunner$1#onAttained: System config adapted
  10.108 [id=59]	INFO	jenkins.InitReactorRunner$1#onAttained: Loaded all jobs
  10.108 [id=71]	INFO	jenkins.InitReactorRunner$1#onAttained: Configuration for all jobs updated
  10.148 [id=60]	INFO	jenkins.InitReactorRunner$1#onAttained: Completed initialization
[junit3476843064772428886] $ git version  11.687 [id=139]	INFO	j.b.MultiBranchProject$BranchIndexing#run: p #20211202.152235 branch indexing action completed: SUCCESS in 0.96 sec

git version 2.31.1.windows.1
[junit7367663373428306815] $ git init
Initialized empty Git repository in C:/Users/mario/git/active-choices-plugin-mario/target/tmp/junit3476843064772428886/junit7367663373428306815/.git/
[junit7367663373428306815] $ git add file
[junit7367663373428306815] $ git config user.name "Git SampleRepoRule"
[junit7367663373428306815] $ git config user.email gits@mplereporule
[junit7367663373428306815] $ git commit --message=init
[master (root-commit) 86ce9eb] init
 1 file changed, 0 insertions(+), 0 deletions(-)
 create mode 100644 file
[junit7367663373428306815] $ git add Jenkinsfile
[junit7367663373428306815] $ git commit --all --message=flow
[master 3dab801] flow
 1 file changed, 73 insertions(+)
 create mode 100644 Jenkinsfile
---%<--- job/p/indexing/
Started
[Thu Dec 02 15:22:35 EST 2021] Starting branch indexing...
 > git.exe --version # timeout=10
 > git --version # 'git version 2.31.1.windows.1'
 > git.exe ls-remote --symref -- C:\Users\mario\git\active-choices-plugin-mario\target\tmp\junit3476843064772428886\junit7367663373428306815 # timeout=10
Creating git repository in C:\Users\mario\git\active-choices-plugin-mario\target\tmp\j h4423994373845499243\caches\git-315bd710c870fbd80bc4576afe7d7484
 > git.exe init C:\Users\mario\git\active-choices-plugin-mario\target\tmp\j h4423994373845499243\caches\git-315bd710c870fbd80bc4576afe7d7484 # timeout=10
Setting origin to C:\Users\mario\git\active-choices-plugin-mario\target\tmp\junit3476843064772428886\junit7367663373428306815
 > git.exe config remote.origin.url C:\Users\mario\git\active-choices-plugin-mario\target\tmp\junit3476843064772428886\junit7367663373428306815 # timeout=10
Fetching & pruning origin...
Listing remote references...
 > git.exe config --get remote.origin.url # timeout=10
 > git.exe --version # timeout=10
 > git --version # 'git version 2.31.1.windows.1'
 > git.exe ls-remote -h -- C:\Users\mario\git\active-choices-plugin-mario\target\tmp\junit3476843064772428886\junit7367663373428306815 # timeout=10
Fetching upstream changes from origin
 > git.exe config --get remote.origin.url # timeout=10
 > git.exe fetch --tags --force --progress --prune -- origin +refs/heads/*:refs/remotes/origin/* # timeout=10
Checking branches...
  Checking branch master
      Jenkinsfile found
    Met criteria
Scheduled build for branch: master
Processed 1 branches
[Thu Dec 02 15:22:36 EST 2021] Finished branch indexing. Indexing took 0.94 sec
Finished: SUCCESS
---%<--- 
  22.747 [id=219]	FINER	o.b.u.AbstractUnoChoiceParameter#getDefaultParameterValue: ENTRY
  22.747 [id=219]	FINER	o.b.u.AbstractUnoChoiceParameter#getDefaultParameterValue: ENTRY
  22.747 [id=219]	FINER	o.b.u.AbstractUnoChoiceParameter#getDefaultParameterValue: ENTRY
  22.747 [id=219]	FINER	o.b.u.AbstractUnoChoiceParameter#getDefaultParameterValue: ENTRY
  22.796 [id=219]	FINEST	o.b.unochoice.model.GroovyScript#eval: Fallback to default script...
org.jenkinsci.plugins.scriptsecurity.sandbox.RejectedAccessException: Scripts not permitted to use staticMethod org.slf4j.LoggerFactory getLogger java.lang.String
	at org.jenkinsci.plugins.scriptsecurity.sandbox.whitelists.StaticWhitelist.rejectStaticMethod(StaticWhitelist.java:279)
	at org.jenkinsci.plugins.scriptsecurity.sandbox.groovy.SandboxInterceptor.onStaticCall(SandboxInterceptor.java:188)
	at org.kohsuke.groovy.sandbox.impl.Checker$2.call(Checker.java:192)
	at org.kohsuke.groovy.sandbox.impl.Checker.checkedStaticCall(Checker.java:196)
	at org.kohsuke.groovy.sandbox.impl.Checker.checkedCall(Checker.java:103)
	at org.kohsuke.groovy.sandbox.impl.Checker$checkedCall$0.callStatic(Unknown Source)
	at org.codehaus.groovy.runtime.callsite.CallSiteArray.defaultCallStatic(CallSiteArray.java:56)
	at org.codehaus.groovy.runtime.callsite.AbstractCallSite.callStatic(AbstractCallSite.java:194)
	at Script1.run(Script1.groovy:3)
	at org.jenkinsci.plugins.scriptsecurity.sandbox.groovy.GroovySandbox.runScript(GroovySandbox.java:162)
	at org.jenkinsci.plugins.scriptsecurity.sandbox.groovy.SecureGroovyScript.evaluate(SecureGroovyScript.java:370)
	at org.biouno.unochoice.model.GroovyScript.eval(GroovyScript.java:179)
	at org.biouno.unochoice.util.ScriptCallback.call(ScriptCallback.java:96)
	at org.biouno.unochoice.AbstractScriptableParameter.eval(AbstractScriptableParameter.java:261)
	at org.biouno.unochoice.AbstractScriptableParameter.getChoices(AbstractScriptableParameter.java:222)
	at org.biouno.unochoice.AbstractScriptableParameter.getDefaultParameterValue(AbstractScriptableParameter.java:278)
	at org.jenkinsci.plugins.workflow.cps.ParamsVariable.getValue(ParamsVariable.java:66)
	at org.jenkinsci.plugins.workflow.cps.CpsScript.getProperty(CpsScript.java:135)
	at org.codehaus.groovy.runtime.InvokerHelper.getProperty(InvokerHelper.java:174)
	at org.codehaus.groovy.runtime.ScriptBytecodeAdapter.getProperty(ScriptBytecodeAdapter.java:456)
	at org.kohsuke.groovy.sandbox.impl.Checker$7.call(Checker.java:355)
	at org.kohsuke.groovy.sandbox.GroovyInterceptor.onGetProperty(GroovyInterceptor.java:68)
	at org.jenkinsci.plugins.scriptsecurity.sandbox.groovy.SandboxInterceptor.onGetProperty(SandboxInterceptor.java:354)
	at org.kohsuke.groovy.sandbox.impl.Checker$7.call(Checker.java:353)
	at org.kohsuke.groovy.sandbox.impl.Checker.checkedGetProperty(Checker.java:357)
	at org.kohsuke.groovy.sandbox.impl.Checker.checkedGetProperty(Checker.java:333)
	at org.kohsuke.groovy.sandbox.impl.Checker.checkedGetProperty(Checker.java:333)
	at com.cloudbees.groovy.cps.sandbox.SandboxInvoker.getProperty(SandboxInvoker.java:29)
	at com.cloudbees.groovy.cps.impl.PropertyAccessBlock.rawGet(PropertyAccessBlock.java:20)
	at com.cloudbees.groovy.cps.impl.PropertyishBlock$ContinuationImpl.get(PropertyishBlock.java:74)
	at com.cloudbees.groovy.cps.LValueBlock$GetAdapter.receive(LValueBlock.java:30)
	at com.cloudbees.groovy.cps.impl.PropertyishBlock$ContinuationImpl.fixName(PropertyishBlock.java:66)
	at sun.reflect.GeneratedMethodAccessor47.invoke(Unknown Source)
	at sun.reflect.DelegatingMethodAccessorImpl.invoke(DelegatingMethodAccessorImpl.java:43)
	at java.lang.reflect.Method.invoke(Method.java:498)
	at com.cloudbees.groovy.cps.impl.ContinuationPtr$ContinuationImpl.receive(ContinuationPtr.java:72)
	at com.cloudbees.groovy.cps.impl.ConstantBlock.eval(ConstantBlock.java:21)
	at com.cloudbees.groovy.cps.Next.step(Next.java:83)
	at com.cloudbees.groovy.cps.Continuable$1.call(Continuable.java:174)
	at com.cloudbees.groovy.cps.Continuable$1.call(Continuable.java:163)
	at org.codehaus.groovy.runtime.GroovyCategorySupport$ThreadCategoryInfo.use(GroovyCategorySupport.java:129)
	at org.codehaus.groovy.runtime.GroovyCategorySupport.use(GroovyCategorySupport.java:268)
	at com.cloudbees.groovy.cps.Continuable.run0(Continuable.java:163)
	at org.jenkinsci.plugins.workflow.cps.SandboxContinuable.access$001(SandboxContinuable.java:18)
	at org.jenkinsci.plugins.workflow.cps.SandboxContinuable.run0(SandboxContinuable.java:51)
	at org.jenkinsci.plugins.workflow.cps.CpsThread.runNextChunk(CpsThread.java:185)
	at org.jenkinsci.plugins.workflow.cps.CpsThreadGroup.run(CpsThreadGroup.java:400)
	at org.jenkinsci.plugins.workflow.cps.CpsThreadGroup.access$400(CpsThreadGroup.java:96)
	at org.jenkinsci.plugins.workflow.cps.CpsThreadGroup$2.call(CpsThreadGroup.java:312)
	at org.jenkinsci.plugins.workflow.cps.CpsThreadGroup$2.call(CpsThreadGroup.java:276)
	at org.jenkinsci.plugins.workflow.cps.CpsVmExecutorService$2.call(CpsVmExecutorService.java:67)
	at java.util.concurrent.FutureTask.run(FutureTask.java:266)
	at hudson.remoting.SingleLaneExecutorService$1.run(SingleLaneExecutorService.java:136)
	at jenkins.util.ContextResettingExecutorService$1.run(ContextResettingExecutorService.java:28)
	at jenkins.security.ImpersonatingExecutorService$1.run(ImpersonatingExecutorService.java:59)
	at java.util.concurrent.Executors$RunnableAdapter.call(Executors.java:511)
	at java.util.concurrent.FutureTask.run(FutureTask.java:266)
	at java.util.concurrent.ThreadPoolExecutor.runWorker(ThreadPoolExecutor.java:1149)
	at java.util.concurrent.ThreadPoolExecutor$Worker.run(ThreadPoolExecutor.java:624)
	at java.lang.Thread.run(Thread.java:748)
  22.796 [id=219]	FINEST	o.b.unochoice.model.GroovyScript#eval: Fallback to default script...
org.jenkinsci.plugins.scriptsecurity.sandbox.RejectedAccessException: Scripts not permitted to use staticMethod org.slf4j.LoggerFactory getLogger java.lang.String
	at org.jenkinsci.plugins.scriptsecurity.sandbox.whitelists.StaticWhitelist.rejectStaticMethod(StaticWhitelist.java:279)
	at org.jenkinsci.plugins.scriptsecurity.sandbox.groovy.SandboxInterceptor.onStaticCall(SandboxInterceptor.java:188)
	at org.kohsuke.groovy.sandbox.impl.Checker$2.call(Checker.java:192)
	at org.kohsuke.groovy.sandbox.impl.Checker.checkedStaticCall(Checker.java:196)
	at org.kohsuke.groovy.sandbox.impl.Checker.checkedCall(Checker.java:103)
	at org.kohsuke.groovy.sandbox.impl.Checker$checkedCall$0.callStatic(Unknown Source)
	at org.codehaus.groovy.runtime.callsite.CallSiteArray.defaultCallStatic(CallSiteArray.java:56)
	at org.codehaus.groovy.runtime.callsite.AbstractCallSite.callStatic(AbstractCallSite.java:194)
	at Script1.run(Script1.groovy:3)
	at org.jenkinsci.plugins.scriptsecurity.sandbox.groovy.GroovySandbox.runScript(GroovySandbox.java:162)
	at org.jenkinsci.plugins.scriptsecurity.sandbox.groovy.SecureGroovyScript.evaluate(SecureGroovyScript.java:370)
	at org.biouno.unochoice.model.GroovyScript.eval(GroovyScript.java:179)
	at org.biouno.unochoice.util.ScriptCallback.call(ScriptCallback.java:96)
	at org.biouno.unochoice.AbstractScriptableParameter.eval(AbstractScriptableParameter.java:261)
	at org.biouno.unochoice.AbstractScriptableParameter.getChoices(AbstractScriptableParameter.java:222)
	at org.biouno.unochoice.AbstractScriptableParameter.getDefaultParameterValue(AbstractScriptableParameter.java:278)
	at org.jenkinsci.plugins.workflow.cps.ParamsVariable.getValue(ParamsVariable.java:66)
	at org.jenkinsci.plugins.workflow.cps.CpsScript.getProperty(CpsScript.java:135)
	at org.codehaus.groovy.runtime.InvokerHelper.getProperty(InvokerHelper.java:174)
	at org.codehaus.groovy.runtime.ScriptBytecodeAdapter.getProperty(ScriptBytecodeAdapter.java:456)
	at org.kohsuke.groovy.sandbox.impl.Checker$7.call(Checker.java:355)
	at org.kohsuke.groovy.sandbox.GroovyInterceptor.onGetProperty(GroovyInterceptor.java:68)
	at org.jenkinsci.plugins.scriptsecurity.sandbox.groovy.SandboxInterceptor.onGetProperty(SandboxInterceptor.java:354)
	at org.kohsuke.groovy.sandbox.impl.Checker$7.call(Checker.java:353)
	at org.kohsuke.groovy.sandbox.impl.Checker.checkedGetProperty(Checker.java:357)
	at org.kohsuke.groovy.sandbox.impl.Checker.checkedGetProperty(Checker.java:333)
	at org.kohsuke.groovy.sandbox.impl.Checker.checkedGetProperty(Checker.java:333)
	at com.cloudbees.groovy.cps.sandbox.SandboxInvoker.getProperty(SandboxInvoker.java:29)
	at com.cloudbees.groovy.cps.impl.PropertyAccessBlock.rawGet(PropertyAccessBlock.java:20)
	at com.cloudbees.groovy.cps.impl.PropertyishBlock$ContinuationImpl.get(PropertyishBlock.java:74)
	at com.cloudbees.groovy.cps.LValueBlock$GetAdapter.receive(LValueBlock.java:30)
	at com.cloudbees.groovy.cps.impl.PropertyishBlock$ContinuationImpl.fixName(PropertyishBlock.java:66)
	at sun.reflect.GeneratedMethodAccessor47.invoke(Unknown Source)
	at sun.reflect.DelegatingMethodAccessorImpl.invoke(DelegatingMethodAccessorImpl.java:43)
	at java.lang.reflect.Method.invoke(Method.java:498)
	at com.cloudbees.groovy.cps.impl.ContinuationPtr$ContinuationImpl.receive(ContinuationPtr.java:72)
	at com.cloudbees.groovy.cps.impl.ConstantBlock.eval(ConstantBlock.java:21)
	at com.cloudbees.groovy.cps.Next.step(Next.java:83)
	at com.cloudbees.groovy.cps.Continuable$1.call(Continuable.java:174)
	at com.cloudbees.groovy.cps.Continuable$1.call(Continuable.java:163)
	at org.codehaus.groovy.runtime.GroovyCategorySupport$ThreadCategoryInfo.use(GroovyCategorySupport.java:129)
	at org.codehaus.groovy.runtime.GroovyCategorySupport.use(GroovyCategorySupport.java:268)
	at com.cloudbees.groovy.cps.Continuable.run0(Continuable.java:163)
	at org.jenkinsci.plugins.workflow.cps.SandboxContinuable.access$001(SandboxContinuable.java:18)
	at org.jenkinsci.plugins.workflow.cps.SandboxContinuable.run0(SandboxContinuable.java:51)
	at org.jenkinsci.plugins.workflow.cps.CpsThread.runNextChunk(CpsThread.java:185)
	at org.jenkinsci.plugins.workflow.cps.CpsThreadGroup.run(CpsThreadGroup.java:400)
	at org.jenkinsci.plugins.workflow.cps.CpsThreadGroup.access$400(CpsThreadGroup.java:96)
	at org.jenkinsci.plugins.workflow.cps.CpsThreadGroup$2.call(CpsThreadGroup.java:312)
	at org.jenkinsci.plugins.workflow.cps.CpsThreadGroup$2.call(CpsThreadGroup.java:276)
	at org.jenkinsci.plugins.workflow.cps.CpsVmExecutorService$2.call(CpsVmExecutorService.java:67)
	at java.util.concurrent.FutureTask.run(FutureTask.java:266)
	at hudson.remoting.SingleLaneExecutorService$1.run(SingleLaneExecutorService.java:136)
	at jenkins.util.ContextResettingExecutorService$1.run(ContextResettingExecutorService.java:28)
	at jenkins.security.ImpersonatingExecutorService$1.run(ImpersonatingExecutorService.java:59)
	at java.util.concurrent.Executors$RunnableAdapter.call(Executors.java:511)
	at java.util.concurrent.FutureTask.run(FutureTask.java:266)
	at java.util.concurrent.ThreadPoolExecutor.runWorker(ThreadPoolExecutor.java:1149)
	at java.util.concurrent.ThreadPoolExecutor$Worker.run(ThreadPoolExecutor.java:624)
	at java.lang.Thread.run(Thread.java:748)
  22.796 [id=219]	FINEST	o.b.unochoice.model.GroovyScript#eval: Fallback to default script...
org.jenkinsci.plugins.scriptsecurity.sandbox.RejectedAccessException: Scripts not permitted to use staticMethod org.slf4j.LoggerFactory getLogger java.lang.String
	at org.jenkinsci.plugins.scriptsecurity.sandbox.whitelists.StaticWhitelist.rejectStaticMethod(StaticWhitelist.java:279)
	at org.jenkinsci.plugins.scriptsecurity.sandbox.groovy.SandboxInterceptor.onStaticCall(SandboxInterceptor.java:188)
	at org.kohsuke.groovy.sandbox.impl.Checker$2.call(Checker.java:192)
	at org.kohsuke.groovy.sandbox.impl.Checker.checkedStaticCall(Checker.java:196)
	at org.kohsuke.groovy.sandbox.impl.Checker.checkedCall(Checker.java:103)
	at org.kohsuke.groovy.sandbox.impl.Checker$checkedCall$0.callStatic(Unknown Source)
	at org.codehaus.groovy.runtime.callsite.CallSiteArray.defaultCallStatic(CallSiteArray.java:56)
	at org.codehaus.groovy.runtime.callsite.AbstractCallSite.callStatic(AbstractCallSite.java:194)
	at Script1.run(Script1.groovy:3)
	at org.jenkinsci.plugins.scriptsecurity.sandbox.groovy.GroovySandbox.runScript(GroovySandbox.java:162)
	at org.jenkinsci.plugins.scriptsecurity.sandbox.groovy.SecureGroovyScript.evaluate(SecureGroovyScript.java:370)
	at org.biouno.unochoice.model.GroovyScript.eval(GroovyScript.java:179)
	at org.biouno.unochoice.util.ScriptCallback.call(ScriptCallback.java:96)
	at org.biouno.unochoice.AbstractScriptableParameter.eval(AbstractScriptableParameter.java:261)
	at org.biouno.unochoice.AbstractScriptableParameter.getChoices(AbstractScriptableParameter.java:222)
	at org.biouno.unochoice.AbstractScriptableParameter.getDefaultParameterValue(AbstractScriptableParameter.java:278)
	at org.jenkinsci.plugins.workflow.cps.ParamsVariable.getValue(ParamsVariable.java:66)
	at org.jenkinsci.plugins.workflow.cps.CpsScript.getProperty(CpsScript.java:135)
	at org.codehaus.groovy.runtime.InvokerHelper.getProperty(InvokerHelper.java:174)
	at org.codehaus.groovy.runtime.ScriptBytecodeAdapter.getProperty(ScriptBytecodeAdapter.java:456)
	at org.kohsuke.groovy.sandbox.impl.Checker$7.call(Checker.java:355)
	at org.kohsuke.groovy.sandbox.GroovyInterceptor.onGetProperty(GroovyInterceptor.java:68)
	at org.jenkinsci.plugins.scriptsecurity.sandbox.groovy.SandboxInterceptor.onGetProperty(SandboxInterceptor.java:354)
	at org.kohsuke.groovy.sandbox.impl.Checker$7.call(Checker.java:353)
	at org.kohsuke.groovy.sandbox.impl.Checker.checkedGetProperty(Checker.java:357)
	at org.kohsuke.groovy.sandbox.impl.Checker.checkedGetProperty(Checker.java:333)
	at org.kohsuke.groovy.sandbox.impl.Checker.checkedGetProperty(Checker.java:333)
	at com.cloudbees.groovy.cps.sandbox.SandboxInvoker.getProperty(SandboxInvoker.java:29)
	at com.cloudbees.groovy.cps.impl.PropertyAccessBlock.rawGet(PropertyAccessBlock.java:20)
	at com.cloudbees.groovy.cps.impl.PropertyishBlock$ContinuationImpl.get(PropertyishBlock.java:74)
	at com.cloudbees.groovy.cps.LValueBlock$GetAdapter.receive(LValueBlock.java:30)
	at com.cloudbees.groovy.cps.impl.PropertyishBlock$ContinuationImpl.fixName(PropertyishBlock.java:66)
	at sun.reflect.GeneratedMethodAccessor47.invoke(Unknown Source)
	at sun.reflect.DelegatingMethodAccessorImpl.invoke(DelegatingMethodAccessorImpl.java:43)
	at java.lang.reflect.Method.invoke(Method.java:498)
	at com.cloudbees.groovy.cps.impl.ContinuationPtr$ContinuationImpl.receive(ContinuationPtr.java:72)
	at com.cloudbees.groovy.cps.impl.ConstantBlock.eval(ConstantBlock.java:21)
	at com.cloudbees.groovy.cps.Next.step(Next.java:83)
	at com.cloudbees.groovy.cps.Continuable$1.call(Continuable.java:174)
	at com.cloudbees.groovy.cps.Continuable$1.call(Continuable.java:163)
	at org.codehaus.groovy.runtime.GroovyCategorySupport$ThreadCategoryInfo.use(GroovyCategorySupport.java:129)
	at org.codehaus.groovy.runtime.GroovyCategorySupport.use(GroovyCategorySupport.java:268)
	at com.cloudbees.groovy.cps.Continuable.run0(Continuable.java:163)
	at org.jenkinsci.plugins.workflow.cps.SandboxContinuable.access$001(SandboxContinuable.java:18)
	at org.jenkinsci.plugins.workflow.cps.SandboxContinuable.run0(SandboxContinuable.java:51)
	at org.jenkinsci.plugins.workflow.cps.CpsThread.runNextChunk(CpsThread.java:185)
	at org.jenkinsci.plugins.workflow.cps.CpsThreadGroup.run(CpsThreadGroup.java:400)
	at org.jenkinsci.plugins.workflow.cps.CpsThreadGroup.access$400(CpsThreadGroup.java:96)
	at org.jenkinsci.plugins.workflow.cps.CpsThreadGroup$2.call(CpsThreadGroup.java:312)
	at org.jenkinsci.plugins.workflow.cps.CpsThreadGroup$2.call(CpsThreadGroup.java:276)
	at org.jenkinsci.plugins.workflow.cps.CpsVmExecutorService$2.call(CpsVmExecutorService.java:67)
	at java.util.concurrent.FutureTask.run(FutureTask.java:266)
	at hudson.remoting.SingleLaneExecutorService$1.run(SingleLaneExecutorService.java:136)
	at jenkins.util.ContextResettingExecutorService$1.run(ContextResettingExecutorService.java:28)
	at jenkins.security.ImpersonatingExecutorService$1.run(ImpersonatingExecutorService.java:59)
	at java.util.concurrent.Executors$RunnableAdapter.call(Executors.java:511)
	at java.util.concurrent.FutureTask.run(FutureTask.java:266)
	at java.util.concurrent.ThreadPoolExecutor.runWorker(ThreadPoolExecutor.java:1149)
	at java.util.concurrent.ThreadPoolExecutor$Worker.run(ThreadPoolExecutor.java:624)
	at java.lang.Thread.run(Thread.java:748)
  22.796 [id=219]	FINEST	o.b.unochoice.model.GroovyScript#eval: Fallback to default script...
org.jenkinsci.plugins.scriptsecurity.sandbox.RejectedAccessException: Scripts not permitted to use staticMethod org.slf4j.LoggerFactory getLogger java.lang.String
	at org.jenkinsci.plugins.scriptsecurity.sandbox.whitelists.StaticWhitelist.rejectStaticMethod(StaticWhitelist.java:279)
	at org.jenkinsci.plugins.scriptsecurity.sandbox.groovy.SandboxInterceptor.onStaticCall(SandboxInterceptor.java:188)
	at org.kohsuke.groovy.sandbox.impl.Checker$2.call(Checker.java:192)
	at org.kohsuke.groovy.sandbox.impl.Checker.checkedStaticCall(Checker.java:196)
	at org.kohsuke.groovy.sandbox.impl.Checker.checkedCall(Checker.java:103)
	at org.kohsuke.groovy.sandbox.impl.Checker$checkedCall$0.callStatic(Unknown Source)
	at org.codehaus.groovy.runtime.callsite.CallSiteArray.defaultCallStatic(CallSiteArray.java:56)
	at org.codehaus.groovy.runtime.callsite.AbstractCallSite.callStatic(AbstractCallSite.java:194)
	at Script1.run(Script1.groovy:3)
	at org.jenkinsci.plugins.scriptsecurity.sandbox.groovy.GroovySandbox.runScript(GroovySandbox.java:162)
	at org.jenkinsci.plugins.scriptsecurity.sandbox.groovy.SecureGroovyScript.evaluate(SecureGroovyScript.java:370)
	at org.biouno.unochoice.model.GroovyScript.eval(GroovyScript.java:179)
	at org.biouno.unochoice.util.ScriptCallback.call(ScriptCallback.java:96)
	at org.biouno.unochoice.AbstractScriptableParameter.eval(AbstractScriptableParameter.java:261)
	at org.biouno.unochoice.AbstractScriptableParameter.getChoices(AbstractScriptableParameter.java:222)
	at org.biouno.unochoice.AbstractScriptableParameter.getDefaultParameterValue(AbstractScriptableParameter.java:278)
	at org.jenkinsci.plugins.workflow.cps.ParamsVariable.getValue(ParamsVariable.java:66)
	at org.jenkinsci.plugins.workflow.cps.CpsScript.getProperty(CpsScript.java:135)
	at org.codehaus.groovy.runtime.InvokerHelper.getProperty(InvokerHelper.java:174)
	at org.codehaus.groovy.runtime.ScriptBytecodeAdapter.getProperty(ScriptBytecodeAdapter.java:456)
	at org.kohsuke.groovy.sandbox.impl.Checker$7.call(Checker.java:355)
	at org.kohsuke.groovy.sandbox.GroovyInterceptor.onGetProperty(GroovyInterceptor.java:68)
	at org.jenkinsci.plugins.scriptsecurity.sandbox.groovy.SandboxInterceptor.onGetProperty(SandboxInterceptor.java:354)
	at org.kohsuke.groovy.sandbox.impl.Checker$7.call(Checker.java:353)
	at org.kohsuke.groovy.sandbox.impl.Checker.checkedGetProperty(Checker.java:357)
	at org.kohsuke.groovy.sandbox.impl.Checker.checkedGetProperty(Checker.java:333)
	at org.kohsuke.groovy.sandbox.impl.Checker.checkedGetProperty(Checker.java:333)
	at com.cloudbees.groovy.cps.sandbox.SandboxInvoker.getProperty(SandboxInvoker.java:29)
	at com.cloudbees.groovy.cps.impl.PropertyAccessBlock.rawGet(PropertyAccessBlock.java:20)
	at com.cloudbees.groovy.cps.impl.PropertyishBlock$ContinuationImpl.get(PropertyishBlock.java:74)
	at com.cloudbees.groovy.cps.LValueBlock$GetAdapter.receive(LValueBlock.java:30)
	at com.cloudbees.groovy.cps.impl.PropertyishBlock$ContinuationImpl.fixName(PropertyishBlock.java:66)
	at sun.reflect.GeneratedMethodAccessor47.invoke(Unknown Source)
	at sun.reflect.DelegatingMethodAccessorImpl.invoke(DelegatingMethodAccessorImpl.java:43)
	at java.lang.reflect.Method.invoke(Method.java:498)
	at com.cloudbees.groovy.cps.impl.ContinuationPtr$ContinuationImpl.receive(ContinuationPtr.java:72)
	at com.cloudbees.groovy.cps.impl.ConstantBlock.eval(ConstantBlock.java:21)
	at com.cloudbees.groovy.cps.Next.step(Next.java:83)
	at com.cloudbees.groovy.cps.Continuable$1.call(Continuable.java:174)
	at com.cloudbees.groovy.cps.Continuable$1.call(Continuable.java:163)
	at org.codehaus.groovy.runtime.GroovyCategorySupport$ThreadCategoryInfo.use(GroovyCategorySupport.java:129)
	at org.codehaus.groovy.runtime.GroovyCategorySupport.use(GroovyCategorySupport.java:268)
	at com.cloudbees.groovy.cps.Continuable.run0(Continuable.java:163)
	at org.jenkinsci.plugins.workflow.cps.SandboxContinuable.access$001(SandboxContinuable.java:18)
	at org.jenkinsci.plugins.workflow.cps.SandboxContinuable.run0(SandboxContinuable.java:51)
	at org.jenkinsci.plugins.workflow.cps.CpsThread.runNextChunk(CpsThread.java:185)
	at org.jenkinsci.plugins.workflow.cps.CpsThreadGroup.run(CpsThreadGroup.java:400)
	at org.jenkinsci.plugins.workflow.cps.CpsThreadGroup.access$400(CpsThreadGroup.java:96)
	at org.jenkinsci.plugins.workflow.cps.CpsThreadGroup$2.call(CpsThreadGroup.java:312)
	at org.jenkinsci.plugins.workflow.cps.CpsThreadGroup$2.call(CpsThreadGroup.java:276)
	at org.jenkinsci.plugins.workflow.cps.CpsVmExecutorService$2.call(CpsVmExecutorService.java:67)
	at java.util.concurrent.FutureTask.run(FutureTask.java:266)
	at hudson.remoting.SingleLaneExecutorService$1.run(SingleLaneExecutorService.java:136)
	at jenkins.util.ContextResettingExecutorService$1.run(ContextResettingExecutorService.java:28)
	at jenkins.security.ImpersonatingExecutorService$1.run(ImpersonatingExecutorService.java:59)
	at java.util.concurrent.Executors$RunnableAdapter.call(Executors.java:511)
	at java.util.concurrent.FutureTask.run(FutureTask.java:266)
	at java.util.concurrent.ThreadPoolExecutor.runWorker(ThreadPoolExecutor.java:1149)
	at java.util.concurrent.ThreadPoolExecutor$Worker.run(ThreadPoolExecutor.java:624)
	at java.lang.Thread.run(Thread.java:748)
  22.831 [id=219]	FINE	o.b.u.AbstractScriptableParameter#getChoices: Script parameter with name 'IP' is not an instance of java.util.Map. The parameter value is <input name="value" value="***ERROR***" class="setting-input" type="text" />
  22.831 [id=219]	FINE	o.b.u.AbstractScriptableParameter#getChoices: Script parameter with name 'IP' is not an instance of java.util.Map. The parameter value is <input name="value" value="***ERROR***" class="setting-input" type="text" />
  22.831 [id=219]	FINE	o.b.u.AbstractScriptableParameter#getChoices: Script parameter with name 'IP' is not an instance of java.util.Map. The parameter value is <input name="value" value="***ERROR***" class="setting-input" type="text" />
  22.831 [id=219]	FINE	o.b.u.AbstractScriptableParameter#getChoices: Script parameter with name 'IP' is not an instance of java.util.Map. The parameter value is <input name="value" value="***ERROR***" class="setting-input" type="text" />
  22.831 [id=219]	FINER	o.b.u.AbstractUnoChoiceParameter#getDefaultParameterValue: ENTRY
  22.831 [id=219]	FINER	o.b.u.AbstractUnoChoiceParameter#getDefaultParameterValue: ENTRY
  22.832 [id=219]	FINER	o.b.u.AbstractUnoChoiceParameter#getDefaultParameterValue: ENTRY
  22.832 [id=219]	FINER	o.b.u.AbstractUnoChoiceParameter#getDefaultParameterValue: ENTRY
  22.876 [id=219]	FINE	o.b.u.AbstractScriptableParameter#getChoices: Script parameter with name 'User Validation' is not an instance of java.util.Map. The parameter value is <input type="button" value="Validate" /><input type="hidden" name="value" class="setting-input" value="" />
  22.876 [id=219]	FINE	o.b.u.AbstractScriptableParameter#getChoices: Script parameter with name 'User Validation' is not an instance of java.util.Map. The parameter value is <input type="button" value="Validate" /><input type="hidden" name="value" class="setting-input" value="" />
  22.876 [id=219]	FINE	o.b.u.AbstractScriptableParameter#getChoices: Script parameter with name 'User Validation' is not an instance of java.util.Map. The parameter value is <input type="button" value="Validate" /><input type="hidden" name="value" class="setting-input" value="" />
  22.876 [id=219]	FINE	o.b.u.AbstractScriptableParameter#getChoices: Script parameter with name 'User Validation' is not an instance of java.util.Map. The parameter value is <input type="button" value="Validate" /><input type="hidden" name="value" class="setting-input" value="" />
  23.067 [id=249]	INFO	o.j.p.workflow.job.WorkflowRun#finish: p/master #1 completed: SUCCESS
  24.943 [id=219]	FINER	o.b.u.AbstractUnoChoiceParameter#getDefaultParameterValue: ENTRY
  24.943 [id=219]	FINER	o.b.u.AbstractUnoChoiceParameter#getDefaultParameterValue: ENTRY
  24.943 [id=219]	FINER	o.b.u.AbstractUnoChoiceParameter#getDefaultParameterValue: ENTRY
  24.943 [id=219]	FINER	o.b.u.AbstractUnoChoiceParameter#getDefaultParameterValue: ENTRY
  24.952 [id=219]	FINE	o.b.u.AbstractScriptableParameter#getChoices: Script parameter with name 'User Validation' is not an instance of java.util.Map. The parameter value is <input type="button" value="Validate" /><input type="hidden" name="value" class="setting-input" value="" />
  24.952 [id=219]	FINE	o.b.u.AbstractScriptableParameter#getChoices: Script parameter with name 'User Validation' is not an instance of java.util.Map. The parameter value is <input type="button" value="Validate" /><input type="hidden" name="value" class="setting-input" value="" />
  24.952 [id=219]	FINE	o.b.u.AbstractScriptableParameter#getChoices: Script parameter with name 'User Validation' is not an instance of java.util.Map. The parameter value is <input type="button" value="Validate" /><input type="hidden" name="value" class="setting-input" value="" />
  24.952 [id=219]	FINE	o.b.u.AbstractScriptableParameter#getChoices: Script parameter with name 'User Validation' is not an instance of java.util.Map. The parameter value is <input type="button" value="Validate" /><input type="hidden" name="value" class="setting-input" value="" />
  25.137 [id=249]	INFO	o.j.p.workflow.job.WorkflowRun#finish: p/master #2 completed: SUCCESS
  25.261 [id=24]	FINER	o.b.u.AbstractUnoChoiceParameter#getDefaultParameterValue: ENTRY
  25.261 [id=24]	FINER	o.b.u.AbstractUnoChoiceParameter#getDefaultParameterValue: ENTRY
  25.261 [id=24]	FINER	o.b.u.AbstractUnoChoiceParameter#getDefaultParameterValue: ENTRY
  25.261 [id=24]	FINER	o.b.u.AbstractUnoChoiceParameter#getDefaultParameterValue: ENTRY
  25.272 [id=24]	FINEST	o.b.unochoice.model.GroovyScript#eval: Fallback to default script...
org.jenkinsci.plugins.scriptsecurity.sandbox.RejectedAccessException: Scripts not permitted to use staticMethod org.slf4j.LoggerFactory getLogger java.lang.String
	at org.jenkinsci.plugins.scriptsecurity.sandbox.whitelists.StaticWhitelist.rejectStaticMethod(StaticWhitelist.java:279)
	at org.jenkinsci.plugins.scriptsecurity.sandbox.groovy.SandboxInterceptor.onStaticCall(SandboxInterceptor.java:188)
	at org.kohsuke.groovy.sandbox.impl.Checker$2.call(Checker.java:192)
	at org.kohsuke.groovy.sandbox.impl.Checker.checkedStaticCall(Checker.java:196)
	at org.kohsuke.groovy.sandbox.impl.Checker.checkedCall(Checker.java:103)
	at org.kohsuke.groovy.sandbox.impl.Checker$checkedCall$0.callStatic(Unknown Source)
	at org.codehaus.groovy.runtime.callsite.CallSiteArray.defaultCallStatic(CallSiteArray.java:56)
	at org.codehaus.groovy.runtime.callsite.AbstractCallSite.callStatic(AbstractCallSite.java:194)
	at Script1.run(Script1.groovy:3)
	at org.jenkinsci.plugins.scriptsecurity.sandbox.groovy.GroovySandbox.runScript(GroovySandbox.java:162)
	at org.jenkinsci.plugins.scriptsecurity.sandbox.groovy.SecureGroovyScript.evaluate(SecureGroovyScript.java:370)
	at org.biouno.unochoice.model.GroovyScript.eval(GroovyScript.java:179)
	at org.biouno.unochoice.util.ScriptCallback.call(ScriptCallback.java:96)
	at org.biouno.unochoice.AbstractScriptableParameter.eval(AbstractScriptableParameter.java:261)
	at org.biouno.unochoice.AbstractScriptableParameter.getChoices(AbstractScriptableParameter.java:222)
	at org.biouno.unochoice.AbstractScriptableParameter.getDefaultParameterValue(AbstractScriptableParameter.java:278)
	at org.biouno.unochoice.TestDynamicReferenceParameterBindings.testConstructor(TestDynamicReferenceParameterBindings.java:146)
	at sun.reflect.NativeMethodAccessorImpl.invoke0(Native Method)
	at sun.reflect.NativeMethodAccessorImpl.invoke(NativeMethodAccessorImpl.java:62)
	at sun.reflect.DelegatingMethodAccessorImpl.invoke(DelegatingMethodAccessorImpl.java:43)
	at java.lang.reflect.Method.invoke(Method.java:498)
	at org.junit.runners.model.FrameworkMethod$1.runReflectiveCall(FrameworkMethod.java:59)
	at org.junit.internal.runners.model.ReflectiveCallable.run(ReflectiveCallable.java:12)
	at org.junit.runners.model.FrameworkMethod.invokeExplosively(FrameworkMethod.java:56)
	at org.junit.internal.runners.statements.InvokeMethod.evaluate(InvokeMethod.java:17)
	at org.junit.internal.runners.statements.RunBefores.evaluate(RunBefores.java:26)
	at org.junit.rules.ExternalResource$1.evaluate(ExternalResource.java:54)
	at org.jvnet.hudson.test.JenkinsRule$1.evaluate(JenkinsRule.java:601)
	at org.junit.internal.runners.statements.FailOnTimeout$CallableStatement.call(FailOnTimeout.java:299)
	at org.junit.internal.runners.statements.FailOnTimeout$CallableStatement.call(FailOnTimeout.java:293)
	at java.util.concurrent.FutureTask.run(FutureTask.java:266)
	at java.lang.Thread.run(Thread.java:748)
  25.272 [id=24]	FINEST	o.b.unochoice.model.GroovyScript#eval: Fallback to default script...
org.jenkinsci.plugins.scriptsecurity.sandbox.RejectedAccessException: Scripts not permitted to use staticMethod org.slf4j.LoggerFactory getLogger java.lang.String
	at org.jenkinsci.plugins.scriptsecurity.sandbox.whitelists.StaticWhitelist.rejectStaticMethod(StaticWhitelist.java:279)
	at org.jenkinsci.plugins.scriptsecurity.sandbox.groovy.SandboxInterceptor.onStaticCall(SandboxInterceptor.java:188)
	at org.kohsuke.groovy.sandbox.impl.Checker$2.call(Checker.java:192)
	at org.kohsuke.groovy.sandbox.impl.Checker.checkedStaticCall(Checker.java:196)
	at org.kohsuke.groovy.sandbox.impl.Checker.checkedCall(Checker.java:103)
	at org.kohsuke.groovy.sandbox.impl.Checker$checkedCall$0.callStatic(Unknown Source)
	at org.codehaus.groovy.runtime.callsite.CallSiteArray.defaultCallStatic(CallSiteArray.java:56)
	at org.codehaus.groovy.runtime.callsite.AbstractCallSite.callStatic(AbstractCallSite.java:194)
	at Script1.run(Script1.groovy:3)
	at org.jenkinsci.plugins.scriptsecurity.sandbox.groovy.GroovySandbox.runScript(GroovySandbox.java:162)
	at org.jenkinsci.plugins.scriptsecurity.sandbox.groovy.SecureGroovyScript.evaluate(SecureGroovyScript.java:370)
	at org.biouno.unochoice.model.GroovyScript.eval(GroovyScript.java:179)
	at org.biouno.unochoice.util.ScriptCallback.call(ScriptCallback.java:96)
	at org.biouno.unochoice.AbstractScriptableParameter.eval(AbstractScriptableParameter.java:261)
	at org.biouno.unochoice.AbstractScriptableParameter.getChoices(AbstractScriptableParameter.java:222)
	at org.biouno.unochoice.AbstractScriptableParameter.getDefaultParameterValue(AbstractScriptableParameter.java:278)
	at org.biouno.unochoice.TestDynamicReferenceParameterBindings.testConstructor(TestDynamicReferenceParameterBindings.java:146)
	at sun.reflect.NativeMethodAccessorImpl.invoke0(Native Method)
	at sun.reflect.NativeMethodAccessorImpl.invoke(NativeMethodAccessorImpl.java:62)
	at sun.reflect.DelegatingMethodAccessorImpl.invoke(DelegatingMethodAccessorImpl.java:43)
	at java.lang.reflect.Method.invoke(Method.java:498)
	at org.junit.runners.model.FrameworkMethod$1.runReflectiveCall(FrameworkMethod.java:59)
	at org.junit.internal.runners.model.ReflectiveCallable.run(ReflectiveCallable.java:12)
	at org.junit.runners.model.FrameworkMethod.invokeExplosively(FrameworkMethod.java:56)
	at org.junit.internal.runners.statements.InvokeMethod.evaluate(InvokeMethod.java:17)
	at org.junit.internal.runners.statements.RunBefores.evaluate(RunBefores.java:26)
	at org.junit.rules.ExternalResource$1.evaluate(ExternalResource.java:54)
	at org.jvnet.hudson.test.JenkinsRule$1.evaluate(JenkinsRule.java:601)
	at org.junit.internal.runners.statements.FailOnTimeout$CallableStatement.call(FailOnTimeout.java:299)
	at org.junit.internal.runners.statements.FailOnTimeout$CallableStatement.call(FailOnTimeout.java:293)
	at java.util.concurrent.FutureTask.run(FutureTask.java:266)
	at java.lang.Thread.run(Thread.java:748)
  25.273 [id=24]	FINEST	o.b.unochoice.model.GroovyScript#eval: Fallback to default script...
org.jenkinsci.plugins.scriptsecurity.sandbox.RejectedAccessException: Scripts not permitted to use staticMethod org.slf4j.LoggerFactory getLogger java.lang.String
	at org.jenkinsci.plugins.scriptsecurity.sandbox.whitelists.StaticWhitelist.rejectStaticMethod(StaticWhitelist.java:279)
	at org.jenkinsci.plugins.scriptsecurity.sandbox.groovy.SandboxInterceptor.onStaticCall(SandboxInterceptor.java:188)
	at org.kohsuke.groovy.sandbox.impl.Checker$2.call(Checker.java:192)
	at org.kohsuke.groovy.sandbox.impl.Checker.checkedStaticCall(Checker.java:196)
	at org.kohsuke.groovy.sandbox.impl.Checker.checkedCall(Checker.java:103)
	at org.kohsuke.groovy.sandbox.impl.Checker$checkedCall$0.callStatic(Unknown Source)
	at org.codehaus.groovy.runtime.callsite.CallSiteArray.defaultCallStatic(CallSiteArray.java:56)
	at org.codehaus.groovy.runtime.callsite.AbstractCallSite.callStatic(AbstractCallSite.java:194)
	at Script1.run(Script1.groovy:3)
	at org.jenkinsci.plugins.scriptsecurity.sandbox.groovy.GroovySandbox.runScript(GroovySandbox.java:162)
	at org.jenkinsci.plugins.scriptsecurity.sandbox.groovy.SecureGroovyScript.evaluate(SecureGroovyScript.java:370)
	at org.biouno.unochoice.model.GroovyScript.eval(GroovyScript.java:179)
	at org.biouno.unochoice.util.ScriptCallback.call(ScriptCallback.java:96)
	at org.biouno.unochoice.AbstractScriptableParameter.eval(AbstractScriptableParameter.java:261)
	at org.biouno.unochoice.AbstractScriptableParameter.getChoices(AbstractScriptableParameter.java:222)
	at org.biouno.unochoice.AbstractScriptableParameter.getDefaultParameterValue(AbstractScriptableParameter.java:278)
	at org.biouno.unochoice.TestDynamicReferenceParameterBindings.testConstructor(TestDynamicReferenceParameterBindings.java:146)
	at sun.reflect.NativeMethodAccessorImpl.invoke0(Native Method)
	at sun.reflect.NativeMethodAccessorImpl.invoke(NativeMethodAccessorImpl.java:62)
	at sun.reflect.DelegatingMethodAccessorImpl.invoke(DelegatingMethodAccessorImpl.java:43)
	at java.lang.reflect.Method.invoke(Method.java:498)
	at org.junit.runners.model.FrameworkMethod$1.runReflectiveCall(FrameworkMethod.java:59)
	at org.junit.internal.runners.model.ReflectiveCallable.run(ReflectiveCallable.java:12)
	at org.junit.runners.model.FrameworkMethod.invokeExplosively(FrameworkMethod.java:56)
	at org.junit.internal.runners.statements.InvokeMethod.evaluate(InvokeMethod.java:17)
	at org.junit.internal.runners.statements.RunBefores.evaluate(RunBefores.java:26)
	at org.junit.rules.ExternalResource$1.evaluate(ExternalResource.java:54)
	at org.jvnet.hudson.test.JenkinsRule$1.evaluate(JenkinsRule.java:601)
	at org.junit.internal.runners.statements.FailOnTimeout$CallableStatement.call(FailOnTimeout.java:299)
	at org.junit.internal.runners.statements.FailOnTimeout$CallableStatement.call(FailOnTimeout.java:293)
	at java.util.concurrent.FutureTask.run(FutureTask.java:266)
	at java.lang.Thread.run(Thread.java:748)
  25.273 [id=24]	FINEST	o.b.unochoice.model.GroovyScript#eval: Fallback to default script...
org.jenkinsci.plugins.scriptsecurity.sandbox.RejectedAccessException: Scripts not permitted to use staticMethod org.slf4j.LoggerFactory getLogger java.lang.String
	at org.jenkinsci.plugins.scriptsecurity.sandbox.whitelists.StaticWhitelist.rejectStaticMethod(StaticWhitelist.java:279)
	at org.jenkinsci.plugins.scriptsecurity.sandbox.groovy.SandboxInterceptor.onStaticCall(SandboxInterceptor.java:188)
	at org.kohsuke.groovy.sandbox.impl.Checker$2.call(Checker.java:192)
	at org.kohsuke.groovy.sandbox.impl.Checker.checkedStaticCall(Checker.java:196)
	at org.kohsuke.groovy.sandbox.impl.Checker.checkedCall(Checker.java:103)
	at org.kohsuke.groovy.sandbox.impl.Checker$checkedCall$0.callStatic(Unknown Source)
	at org.codehaus.groovy.runtime.callsite.CallSiteArray.defaultCallStatic(CallSiteArray.java:56)
	at org.codehaus.groovy.runtime.callsite.AbstractCallSite.callStatic(AbstractCallSite.java:194)
	at Script1.run(Script1.groovy:3)
	at org.jenkinsci.plugins.scriptsecurity.sandbox.groovy.GroovySandbox.runScript(GroovySandbox.java:162)
	at org.jenkinsci.plugins.scriptsecurity.sandbox.groovy.SecureGroovyScript.evaluate(SecureGroovyScript.java:370)
	at org.biouno.unochoice.model.GroovyScript.eval(GroovyScript.java:179)
	at org.biouno.unochoice.util.ScriptCallback.call(ScriptCallback.java:96)
	at org.biouno.unochoice.AbstractScriptableParameter.eval(AbstractScriptableParameter.java:261)
	at org.biouno.unochoice.AbstractScriptableParameter.getChoices(AbstractScriptableParameter.java:222)
	at org.biouno.unochoice.AbstractScriptableParameter.getDefaultParameterValue(AbstractScriptableParameter.java:278)
	at org.biouno.unochoice.TestDynamicReferenceParameterBindings.testConstructor(TestDynamicReferenceParameterBindings.java:146)
	at sun.reflect.NativeMethodAccessorImpl.invoke0(Native Method)
	at sun.reflect.NativeMethodAccessorImpl.invoke(NativeMethodAccessorImpl.java:62)
	at sun.reflect.DelegatingMethodAccessorImpl.invoke(DelegatingMethodAccessorImpl.java:43)
	at java.lang.reflect.Method.invoke(Method.java:498)
	at org.junit.runners.model.FrameworkMethod$1.runReflectiveCall(FrameworkMethod.java:59)
	at org.junit.internal.runners.model.ReflectiveCallable.run(ReflectiveCallable.java:12)
	at org.junit.runners.model.FrameworkMethod.invokeExplosively(FrameworkMethod.java:56)
	at org.junit.internal.runners.statements.InvokeMethod.evaluate(InvokeMethod.java:17)
	at org.junit.internal.runners.statements.RunBefores.evaluate(RunBefores.java:26)
	at org.junit.rules.ExternalResource$1.evaluate(ExternalResource.java:54)
	at org.jvnet.hudson.test.JenkinsRule$1.evaluate(JenkinsRule.java:601)
	at org.junit.internal.runners.statements.FailOnTimeout$CallableStatement.call(FailOnTimeout.java:299)
	at org.junit.internal.runners.statements.FailOnTimeout$CallableStatement.call(FailOnTimeout.java:293)
	at java.util.concurrent.FutureTask.run(FutureTask.java:266)
	at java.lang.Thread.run(Thread.java:748)
  25.284 [id=24]	FINE	o.b.u.AbstractScriptableParameter#getChoices: Script parameter with name 'IP' is not an instance of java.util.Map. The parameter value is <input name="value" value="***ERROR***" class="setting-input" type="text" />
  25.285 [id=24]	FINE	o.b.u.AbstractScriptableParameter#getChoices: Script parameter with name 'IP' is not an instance of java.util.Map. The parameter value is <input name="value" value="***ERROR***" class="setting-input" type="text" />
  25.285 [id=24]	FINE	o.b.u.AbstractScriptableParameter#getChoices: Script parameter with name 'IP' is not an instance of java.util.Map. The parameter value is <input name="value" value="***ERROR***" class="setting-input" type="text" />
  25.285 [id=24]	FINE	o.b.u.AbstractScriptableParameter#getChoices: Script parameter with name 'IP' is not an instance of java.util.Map. The parameter value is <input name="value" value="***ERROR***" class="setting-input" type="text" />
  25.285 [id=24]	FINER	o.b.u.AbstractUnoChoiceParameter#getDefaultParameterValue: ENTRY
  25.285 [id=24]	FINER	o.b.u.AbstractUnoChoiceParameter#getDefaultParameterValue: ENTRY
  25.285 [id=24]	FINER	o.b.u.AbstractUnoChoiceParameter#getDefaultParameterValue: ENTRY
  25.285 [id=24]	FINER	o.b.u.AbstractUnoChoiceParameter#getDefaultParameterValue: ENTRY
  25.296 [id=24]	FINE	o.b.u.AbstractScriptableParameter#getChoices: Script parameter with name 'User Validation' is not an instance of java.util.Map. The parameter value is <input type="button" value="Validate" /><input type="hidden" name="value" class="setting-input" value="" />
  25.296 [id=24]	FINE	o.b.u.AbstractScriptableParameter#getChoices: Script parameter with name 'User Validation' is not an instance of java.util.Map. The parameter value is <input type="button" value="Validate" /><input type="hidden" name="value" class="setting-input" value="" />
  25.296 [id=24]	FINE	o.b.u.AbstractScriptableParameter#getChoices: Script parameter with name 'User Validation' is not an instance of java.util.Map. The parameter value is <input type="button" value="Validate" /><input type="hidden" name="value" class="setting-input" value="" />
  25.296 [id=24]	FINE	o.b.u.AbstractScriptableParameter#getChoices: Script parameter with name 'User Validation' is not an instance of java.util.Map. The parameter value is <input type="button" value="Validate" /><input type="hidden" name="value" class="setting-input" value="" />
  25.305 [id=24]	FINEST	o.b.unochoice.model.GroovyScript#eval: Fallback to default script...
org.jenkinsci.plugins.scriptsecurity.sandbox.RejectedAccessException: Scripts not permitted to use staticMethod org.slf4j.LoggerFactory getLogger java.lang.String
	at org.jenkinsci.plugins.scriptsecurity.sandbox.whitelists.StaticWhitelist.rejectStaticMethod(StaticWhitelist.java:279)
	at org.jenkinsci.plugins.scriptsecurity.sandbox.groovy.SandboxInterceptor.onStaticCall(SandboxInterceptor.java:188)
	at org.kohsuke.groovy.sandbox.impl.Checker$2.call(Checker.java:192)
	at org.kohsuke.groovy.sandbox.impl.Checker.checkedStaticCall(Checker.java:196)
	at org.kohsuke.groovy.sandbox.impl.Checker.checkedCall(Checker.java:103)
	at org.kohsuke.groovy.sandbox.impl.Checker$checkedCall$0.callStatic(Unknown Source)
	at org.codehaus.groovy.runtime.callsite.CallSiteArray.defaultCallStatic(CallSiteArray.java:56)
	at org.codehaus.groovy.runtime.callsite.AbstractCallSite.callStatic(AbstractCallSite.java:194)
	at Script1.run(Script1.groovy:3)
	at org.jenkinsci.plugins.scriptsecurity.sandbox.groovy.GroovySandbox.runScript(GroovySandbox.java:162)
	at org.jenkinsci.plugins.scriptsecurity.sandbox.groovy.SecureGroovyScript.evaluate(SecureGroovyScript.java:370)
	at org.biouno.unochoice.model.GroovyScript.eval(GroovyScript.java:179)
	at org.biouno.unochoice.util.ScriptCallback.call(ScriptCallback.java:96)
	at org.biouno.unochoice.AbstractScriptableParameter.eval(AbstractScriptableParameter.java:261)
	at org.biouno.unochoice.AbstractScriptableParameter.getChoicesAsString(AbstractScriptableParameter.java:249)
	at org.biouno.unochoice.DynamicReferenceParameter.getChoicesAsStringForUI(DynamicReferenceParameter.java:127)
	at org.biouno.unochoice.TestDynamicReferenceParameterBindings.testConstructor(TestDynamicReferenceParameterBindings.java:158)
	at sun.reflect.NativeMethodAccessorImpl.invoke0(Native Method)
	at sun.reflect.NativeMethodAccessorImpl.invoke(NativeMethodAccessorImpl.java:62)
	at sun.reflect.DelegatingMethodAccessorImpl.invoke(DelegatingMethodAccessorImpl.java:43)
	at java.lang.reflect.Method.invoke(Method.java:498)
	at org.junit.runners.model.FrameworkMethod$1.runReflectiveCall(FrameworkMethod.java:59)
	at org.junit.internal.runners.model.ReflectiveCallable.run(ReflectiveCallable.java:12)
	at org.junit.runners.model.FrameworkMethod.invokeExplosively(FrameworkMethod.java:56)
	at org.junit.internal.runners.statements.InvokeMethod.evaluate(InvokeMethod.java:17)
	at org.junit.internal.runners.statements.RunBefores.evaluate(RunBefores.java:26)
	at org.junit.rules.ExternalResource$1.evaluate(ExternalResource.java:54)
	at org.jvnet.hudson.test.JenkinsRule$1.evaluate(JenkinsRule.java:601)
	at org.junit.internal.runners.statements.FailOnTimeout$CallableStatement.call(FailOnTimeout.java:299)
	at org.junit.internal.runners.statements.FailOnTimeout$CallableStatement.call(FailOnTimeout.java:293)
	at java.util.concurrent.FutureTask.run(FutureTask.java:266)
	at java.lang.Thread.run(Thread.java:748)
  25.305 [id=24]	FINEST	o.b.unochoice.model.GroovyScript#eval: Fallback to default script...
org.jenkinsci.plugins.scriptsecurity.sandbox.RejectedAccessException: Scripts not permitted to use staticMethod org.slf4j.LoggerFactory getLogger java.lang.String
	at org.jenkinsci.plugins.scriptsecurity.sandbox.whitelists.StaticWhitelist.rejectStaticMethod(StaticWhitelist.java:279)
	at org.jenkinsci.plugins.scriptsecurity.sandbox.groovy.SandboxInterceptor.onStaticCall(SandboxInterceptor.java:188)
	at org.kohsuke.groovy.sandbox.impl.Checker$2.call(Checker.java:192)
	at org.kohsuke.groovy.sandbox.impl.Checker.checkedStaticCall(Checker.java:196)
	at org.kohsuke.groovy.sandbox.impl.Checker.checkedCall(Checker.java:103)
	at org.kohsuke.groovy.sandbox.impl.Checker$checkedCall$0.callStatic(Unknown Source)
	at org.codehaus.groovy.runtime.callsite.CallSiteArray.defaultCallStatic(CallSiteArray.java:56)
	at org.codehaus.groovy.runtime.callsite.AbstractCallSite.callStatic(AbstractCallSite.java:194)
	at Script1.run(Script1.groovy:3)
	at org.jenkinsci.plugins.scriptsecurity.sandbox.groovy.GroovySandbox.runScript(GroovySandbox.java:162)
	at org.jenkinsci.plugins.scriptsecurity.sandbox.groovy.SecureGroovyScript.evaluate(SecureGroovyScript.java:370)
	at org.biouno.unochoice.model.GroovyScript.eval(GroovyScript.java:179)
	at org.biouno.unochoice.util.ScriptCallback.call(ScriptCallback.java:96)
	at org.biouno.unochoice.AbstractScriptableParameter.eval(AbstractScriptableParameter.java:261)
	at org.biouno.unochoice.AbstractScriptableParameter.getChoicesAsString(AbstractScriptableParameter.java:249)
	at org.biouno.unochoice.DynamicReferenceParameter.getChoicesAsStringForUI(DynamicReferenceParameter.java:127)
	at org.biouno.unochoice.TestDynamicReferenceParameterBindings.testConstructor(TestDynamicReferenceParameterBindings.java:158)
	at sun.reflect.NativeMethodAccessorImpl.invoke0(Native Method)
	at sun.reflect.NativeMethodAccessorImpl.invoke(NativeMethodAccessorImpl.java:62)
	at sun.reflect.DelegatingMethodAccessorImpl.invoke(DelegatingMethodAccessorImpl.java:43)
	at java.lang.reflect.Method.invoke(Method.java:498)
	at org.junit.runners.model.FrameworkMethod$1.runReflectiveCall(FrameworkMethod.java:59)
	at org.junit.internal.runners.model.ReflectiveCallable.run(ReflectiveCallable.java:12)
	at org.junit.runners.model.FrameworkMethod.invokeExplosively(FrameworkMethod.java:56)
	at org.junit.internal.runners.statements.InvokeMethod.evaluate(InvokeMethod.java:17)
	at org.junit.internal.runners.statements.RunBefores.evaluate(RunBefores.java:26)
	at org.junit.rules.ExternalResource$1.evaluate(ExternalResource.java:54)
	at org.jvnet.hudson.test.JenkinsRule$1.evaluate(JenkinsRule.java:601)
	at org.junit.internal.runners.statements.FailOnTimeout$CallableStatement.call(FailOnTimeout.java:299)
	at org.junit.internal.runners.statements.FailOnTimeout$CallableStatement.call(FailOnTimeout.java:293)
	at java.util.concurrent.FutureTask.run(FutureTask.java:266)
	at java.lang.Thread.run(Thread.java:748)
  25.305 [id=24]	FINEST	o.b.unochoice.model.GroovyScript#eval: Fallback to default script...
org.jenkinsci.plugins.scriptsecurity.sandbox.RejectedAccessException: Scripts not permitted to use staticMethod org.slf4j.LoggerFactory getLogger java.lang.String
	at org.jenkinsci.plugins.scriptsecurity.sandbox.whitelists.StaticWhitelist.rejectStaticMethod(StaticWhitelist.java:279)
	at org.jenkinsci.plugins.scriptsecurity.sandbox.groovy.SandboxInterceptor.onStaticCall(SandboxInterceptor.java:188)
	at org.kohsuke.groovy.sandbox.impl.Checker$2.call(Checker.java:192)
	at org.kohsuke.groovy.sandbox.impl.Checker.checkedStaticCall(Checker.java:196)
	at org.kohsuke.groovy.sandbox.impl.Checker.checkedCall(Checker.java:103)
	at org.kohsuke.groovy.sandbox.impl.Checker$checkedCall$0.callStatic(Unknown Source)
	at org.codehaus.groovy.runtime.callsite.CallSiteArray.defaultCallStatic(CallSiteArray.java:56)
	at org.codehaus.groovy.runtime.callsite.AbstractCallSite.callStatic(AbstractCallSite.java:194)
	at Script1.run(Script1.groovy:3)
	at org.jenkinsci.plugins.scriptsecurity.sandbox.groovy.GroovySandbox.runScript(GroovySandbox.java:162)
	at org.jenkinsci.plugins.scriptsecurity.sandbox.groovy.SecureGroovyScript.evaluate(SecureGroovyScript.java:370)
	at org.biouno.unochoice.model.GroovyScript.eval(GroovyScript.java:179)
	at org.biouno.unochoice.util.ScriptCallback.call(ScriptCallback.java:96)
	at org.biouno.unochoice.AbstractScriptableParameter.eval(AbstractScriptableParameter.java:261)
	at org.biouno.unochoice.AbstractScriptableParameter.getChoicesAsString(AbstractScriptableParameter.java:249)
	at org.biouno.unochoice.DynamicReferenceParameter.getChoicesAsStringForUI(DynamicReferenceParameter.java:127)
	at org.biouno.unochoice.TestDynamicReferenceParameterBindings.testConstructor(TestDynamicReferenceParameterBindings.java:158)
	at sun.reflect.NativeMethodAccessorImpl.invoke0(Native Method)
	at sun.reflect.NativeMethodAccessorImpl.invoke(NativeMethodAccessorImpl.java:62)
	at sun.reflect.DelegatingMethodAccessorImpl.invoke(DelegatingMethodAccessorImpl.java:43)
	at java.lang.reflect.Method.invoke(Method.java:498)
	at org.junit.runners.model.FrameworkMethod$1.runReflectiveCall(FrameworkMethod.java:59)
	at org.junit.internal.runners.model.ReflectiveCallable.run(ReflectiveCallable.java:12)
	at org.junit.runners.model.FrameworkMethod.invokeExplosively(FrameworkMethod.java:56)
	at org.junit.internal.runners.statements.InvokeMethod.evaluate(InvokeMethod.java:17)
	at org.junit.internal.runners.statements.RunBefores.evaluate(RunBefores.java:26)
	at org.junit.rules.ExternalResource$1.evaluate(ExternalResource.java:54)
	at org.jvnet.hudson.test.JenkinsRule$1.evaluate(JenkinsRule.java:601)
	at org.junit.internal.runners.statements.FailOnTimeout$CallableStatement.call(FailOnTimeout.java:299)
	at org.junit.internal.runners.statements.FailOnTimeout$CallableStatement.call(FailOnTimeout.java:293)
	at java.util.concurrent.FutureTask.run(FutureTask.java:266)
	at java.lang.Thread.run(Thread.java:748)
  25.305 [id=24]	FINEST	o.b.unochoice.model.GroovyScript#eval: Fallback to default script...
org.jenkinsci.plugins.scriptsecurity.sandbox.RejectedAccessException: Scripts not permitted to use staticMethod org.slf4j.LoggerFactory getLogger java.lang.String
	at org.jenkinsci.plugins.scriptsecurity.sandbox.whitelists.StaticWhitelist.rejectStaticMethod(StaticWhitelist.java:279)
	at org.jenkinsci.plugins.scriptsecurity.sandbox.groovy.SandboxInterceptor.onStaticCall(SandboxInterceptor.java:188)
	at org.kohsuke.groovy.sandbox.impl.Checker$2.call(Checker.java:192)
	at org.kohsuke.groovy.sandbox.impl.Checker.checkedStaticCall(Checker.java:196)
	at org.kohsuke.groovy.sandbox.impl.Checker.checkedCall(Checker.java:103)
	at org.kohsuke.groovy.sandbox.impl.Checker$checkedCall$0.callStatic(Unknown Source)
	at org.codehaus.groovy.runtime.callsite.CallSiteArray.defaultCallStatic(CallSiteArray.java:56)
	at org.codehaus.groovy.runtime.callsite.AbstractCallSite.callStatic(AbstractCallSite.java:194)
	at Script1.run(Script1.groovy:3)
	at org.jenkinsci.plugins.scriptsecurity.sandbox.groovy.GroovySandbox.runScript(GroovySandbox.java:162)
	at org.jenkinsci.plugins.scriptsecurity.sandbox.groovy.SecureGroovyScript.evaluate(SecureGroovyScript.java:370)
	at org.biouno.unochoice.model.GroovyScript.eval(GroovyScript.java:179)
	at org.biouno.unochoice.util.ScriptCallback.call(ScriptCallback.java:96)
	at org.biouno.unochoice.AbstractScriptableParameter.eval(AbstractScriptableParameter.java:261)
	at org.biouno.unochoice.AbstractScriptableParameter.getChoicesAsString(AbstractScriptableParameter.java:249)
	at org.biouno.unochoice.DynamicReferenceParameter.getChoicesAsStringForUI(DynamicReferenceParameter.java:127)
	at org.biouno.unochoice.TestDynamicReferenceParameterBindings.testConstructor(TestDynamicReferenceParameterBindings.java:158)
	at sun.reflect.NativeMethodAccessorImpl.invoke0(Native Method)
	at sun.reflect.NativeMethodAccessorImpl.invoke(NativeMethodAccessorImpl.java:62)
	at sun.reflect.DelegatingMethodAccessorImpl.invoke(DelegatingMethodAccessorImpl.java:43)
	at java.lang.reflect.Method.invoke(Method.java:498)
	at org.junit.runners.model.FrameworkMethod$1.runReflectiveCall(FrameworkMethod.java:59)
	at org.junit.internal.runners.model.ReflectiveCallable.run(ReflectiveCallable.java:12)
	at org.junit.runners.model.FrameworkMethod.invokeExplosively(FrameworkMethod.java:56)
	at org.junit.internal.runners.statements.InvokeMethod.evaluate(InvokeMethod.java:17)
	at org.junit.internal.runners.statements.RunBefores.evaluate(RunBefores.java:26)
	at org.junit.rules.ExternalResource$1.evaluate(ExternalResource.java:54)
	at org.jvnet.hudson.test.JenkinsRule$1.evaluate(JenkinsRule.java:601)
	at org.junit.internal.runners.statements.FailOnTimeout$CallableStatement.call(FailOnTimeout.java:299)
	at org.junit.internal.runners.statements.FailOnTimeout$CallableStatement.call(FailOnTimeout.java:293)
	at java.util.concurrent.FutureTask.run(FutureTask.java:266)
	at java.lang.Thread.run(Thread.java:748)
  25.314 [id=24]	INFO	o.b.u.TestDynamicReferenceParameterBindings#testConstructor: IP getChoicesAsStringForUI=<input name="value" value="***ERROR***" class="setting-input" type="text" />
Start of system log
ENTRY
Fallback to default script...
Script parameter with name 'IP' is not an instance of java.util.Map. The parameter value is <input name="value" value="***ERROR***" class="setting-input" type="text" />
ENTRY
  25.420 [id=24]	INFO	o.b.u.TestDynamicReferenceParameterBindings#saveTempDir: Copying folder C:\Users\mario\git\active-choices-plugin-mario\target\tmp to C:\Users\mario\td6915553449801325617...
  26.830 [id=24]	INFO	o.b.u.TestDynamicReferenceParameterBindings#testConstructor: Temp dir copied to: C:\Users\mario\td6915553449801325617
Script parameter with name 'User Validation' is not an instance of java.util.Map. The parameter value is <input type="button" value="Validate" /><input type="hidden" name="value" class="setting-input" value="" />
ENTRY
Script parameter with name 'User Validation' is not an instance of java.util.Map. The parameter value is <input type="button" value="Validate" /><input type="hidden" name="value" class="setting-input" value="" />
ENTRY
Fallback to default script...
Script parameter with name 'IP' is not an instance of java.util.Map. The parameter value is <input name="value" value="***ERROR***" class="setting-input" type="text" />
ENTRY
Script parameter with name 'User Validation' is not an instance of java.util.Map. The parameter value is <input type="button" value="Validate" /><input type="hidden" name="value" class="setting-input" value="" />
Fallback to default script...
IP getChoicesAsStringForUI=<input name="value" value="***ERROR***" class="setting-input" type="text" />
End of system log
[INFO] Tests run: 1, Failures: 0, Errors: 0, Skipped: 0, Time elapsed: 28.221 s - in org.biouno.unochoice.TestDynamicReferenceParameterBindings
[INFO] 
[INFO] Results:
[INFO] 
[INFO] Tests run: 1, Failures: 0, Errors: 0, Skipped: 0
[INFO] 
[INFO] 
[INFO] --- animal-sniffer-maven-plugin:1.20:check (check) @ uno-choice ---
[INFO] Resolved signature org.codehaus.mojo.signature:java18 version as 1.0 from dependencyManagement
[INFO] Checking unresolved references to org.codehaus.mojo.signature:java18:1.0
[INFO] ------------------------------------------------------------------------
[INFO] BUILD SUCCESS
[INFO] ------------------------------------------------------------------------
[INFO] Total time:  40.049 s
[INFO] Finished at: 2021-12-02T15:22:55-05:00
[INFO] ------------------------------------------------------------------------
